{"/Users/nickfisher/dev/experimental/effect-graphql-prototype/src/context.ts": {"path":"/Users/nickfisher/dev/experimental/effect-graphql-prototype/src/context.ts","statementMap":{"0":{"start":{"line":15,"column":37},"end":{"line":17,"column":null}},"1":{"start":{"line":22,"column":39},"end":{"line":25,"column":null}},"2":{"start":{"line":25,"column":2},"end":{"line":25,"column":null}}},"fnMap":{"0":{"name":"(anonymous_0)","decl":{"start":{"line":22,"column":39},"end":{"line":22,"column":null}},"loc":{"start":{"line":25,"column":2},"end":{"line":25,"column":null}},"line":25}},"branchMap":{},"s":{"0":1,"1":1,"2":5},"f":{"0":5},"b":{},"meta":{"lastBranch":0,"lastFunction":1,"lastStatement":3,"seen":{"s:15:37:17:Infinity":0,"s:22:39:25:Infinity":1,"f:22:39:22:Infinity":0,"s:25:2:25:Infinity":2}}}
,"/Users/nickfisher/dev/experimental/effect-graphql-prototype/src/error.ts": {"path":"/Users/nickfisher/dev/experimental/effect-graphql-prototype/src/error.ts","statementMap":{},"fnMap":{},"branchMap":{},"s":{},"f":{},"b":{},"meta":{"lastBranch":0,"lastFunction":0,"lastStatement":0,"seen":{}}}
,"/Users/nickfisher/dev/experimental/effect-graphql-prototype/src/loader.ts": {"path":"/Users/nickfisher/dev/experimental/effect-graphql-prototype/src/loader.ts","statementMap":{"0":{"start":{"line":106,"column":2},"end":{"line":110,"column":null}},"1":{"start":{"line":129,"column":2},"end":{"line":133,"column":null}},"2":{"start":{"line":144,"column":18},"end":{"line":144,"column":null}},"3":{"start":{"line":151,"column":23},"end":{"line":151,"column":42}},"4":{"start":{"line":152,"column":4},"end":{"line":154,"column":null}},"5":{"start":{"line":162,"column":17},"end":{"line":162,"column":null}},"6":{"start":{"line":163,"column":4},"end":{"line":174,"column":null}},"7":{"start":{"line":166,"column":64},"end":{"line":166,"column":null}},"8":{"start":{"line":168,"column":8},"end":{"line":170,"column":null}},"9":{"start":{"line":169,"column":10},"end":{"line":169,"column":null}},"10":{"start":{"line":172,"column":8},"end":{"line":172,"column":null}},"11":{"start":{"line":183,"column":17},"end":{"line":183,"column":null}},"12":{"start":{"line":184,"column":4},"end":{"line":187,"column":null}},"13":{"start":{"line":185,"column":22},"end":{"line":185,"column":null}},"14":{"start":{"line":186,"column":6},"end":{"line":186,"column":null}},"15":{"start":{"line":186,"column":41},"end":{"line":186,"column":52}},"16":{"start":{"line":198,"column":17},"end":{"line":198,"column":null}},"17":{"start":{"line":199,"column":4},"end":{"line":203,"column":null}},"18":{"start":{"line":200,"column":22},"end":{"line":200,"column":null}},"19":{"start":{"line":201,"column":21},"end":{"line":201,"column":null}},"20":{"start":{"line":202,"column":6},"end":{"line":202,"column":null}},"21":{"start":{"line":202,"column":41},"end":{"line":202,"column":57}},"22":{"start":{"line":214,"column":17},"end":{"line":214,"column":null}},"23":{"start":{"line":215,"column":4},"end":{"line":226,"column":null}},"24":{"start":{"line":216,"column":22},"end":{"line":216,"column":null}},"25":{"start":{"line":217,"column":21},"end":{"line":217,"column":null}},"26":{"start":{"line":218,"column":22},"end":{"line":218,"column":null}},"27":{"start":{"line":218,"column":50},"end":{"line":218,"column":71}},"28":{"start":{"line":220,"column":6},"end":{"line":224,"column":null}},"29":{"start":{"line":221,"column":8},"end":{"line":223,"column":null}},"30":{"start":{"line":222,"column":10},"end":{"line":222,"column":null}},"31":{"start":{"line":225,"column":6},"end":{"line":225,"column":null}},"32":{"start":{"line":236,"column":2},"end":{"line":273,"column":null}},"33":{"start":{"line":238,"column":20},"end":{"line":238,"column":null}},"34":{"start":{"line":240,"column":4},"end":{"line":272,"column":null}},"35":{"start":{"line":241,"column":21},"end":{"line":251,"column":null}},"36":{"start":{"line":242,"column":22},"end":{"line":244,"column":null}},"37":{"start":{"line":246,"column":8},"end":{"line":250,"column":null}},"38":{"start":{"line":247,"column":23},"end":{"line":247,"column":null}},"39":{"start":{"line":247,"column":41},"end":{"line":247,"column":59}},"40":{"start":{"line":248,"column":10},"end":{"line":248,"column":null}},"41":{"start":{"line":248,"column":21},"end":{"line":248,"column":null}},"42":{"start":{"line":249,"column":10},"end":{"line":249,"column":null}},"43":{"start":{"line":252,"column":6},"end":{"line":252,"column":null}},"44":{"start":{"line":255,"column":21},"end":{"line":270,"column":null}},"45":{"start":{"line":256,"column":22},"end":{"line":258,"column":null}},"46":{"start":{"line":260,"column":20},"end":{"line":260,"column":null}},"47":{"start":{"line":261,"column":8},"end":{"line":263,"column":null}},"48":{"start":{"line":262,"column":10},"end":{"line":262,"column":null}},"49":{"start":{"line":264,"column":8},"end":{"line":268,"column":null}},"50":{"start":{"line":265,"column":22},"end":{"line":265,"column":null}},"51":{"start":{"line":266,"column":22},"end":{"line":266,"column":null}},"52":{"start":{"line":267,"column":10},"end":{"line":267,"column":null}},"53":{"start":{"line":267,"column":19},"end":{"line":267,"column":null}},"54":{"start":{"line":269,"column":8},"end":{"line":269,"column":null}},"55":{"start":{"line":269,"column":33},"end":{"line":269,"column":51}},"56":{"start":{"line":271,"column":6},"end":{"line":271,"column":null}},"57":{"start":{"line":304,"column":2},"end":{"line":304,"column":null}},"58":{"start":{"line":320,"column":14},"end":{"line":320,"column":null}},"59":{"start":{"line":321,"column":2},"end":{"line":323,"column":null}},"60":{"start":{"line":322,"column":4},"end":{"line":322,"column":null}},"61":{"start":{"line":324,"column":2},"end":{"line":324,"column":null}},"62":{"start":{"line":324,"column":27},"end":{"line":324,"column":73}},"63":{"start":{"line":336,"column":14},"end":{"line":336,"column":null}},"64":{"start":{"line":337,"column":2},"end":{"line":339,"column":null}},"65":{"start":{"line":338,"column":4},"end":{"line":338,"column":null}},"66":{"start":{"line":340,"column":2},"end":{"line":344,"column":null}},"67":{"start":{"line":341,"column":16},"end":{"line":341,"column":null}},"68":{"start":{"line":342,"column":16},"end":{"line":342,"column":null}},"69":{"start":{"line":343,"column":4},"end":{"line":343,"column":null}},"70":{"start":{"line":343,"column":13},"end":{"line":343,"column":null}},"71":{"start":{"line":345,"column":2},"end":{"line":345,"column":null}},"72":{"start":{"line":352,"column":22},"end":{"line":358,"column":null}}},"fnMap":{"0":{"name":"single","decl":{"start":{"line":102,"column":9},"end":{"line":102,"column":33}},"loc":{"start":{"line":105,"column":29},"end":{"line":111,"column":null}},"line":105},"1":{"name":"grouped","decl":{"start":{"line":125,"column":9},"end":{"line":125,"column":34}},"loc":{"start":{"line":128,"column":30},"end":{"line":134,"column":null}},"line":128},"2":{"name":"(anonymous_2)","decl":{"start":{"line":151,"column":2},"end":{"line":151,"column":23}},"loc":{"start":{"line":151,"column":42},"end":{"line":155,"column":null}},"line":151},"3":{"name":"(anonymous_3)","decl":{"start":{"line":161,"column":2},"end":{"line":161,"column":81}},"loc":{"start":{"line":161,"column":81},"end":{"line":175,"column":null}},"line":161},"4":{"name":"(anonymous_4)","decl":{"start":{"line":165,"column":17},"end":{"line":165,"column":30}},"loc":{"start":{"line":165,"column":30},"end":{"line":173,"column":7}},"line":165},"5":{"name":"(anonymous_5)","decl":{"start":{"line":180,"column":2},"end":{"line":180,"column":null}},"loc":{"start":{"line":182,"column":52},"end":{"line":188,"column":null}},"line":182},"6":{"name":"(anonymous_6)","decl":{"start":{"line":184,"column":22},"end":{"line":184,"column":35}},"loc":{"start":{"line":184,"column":35},"end":{"line":187,"column":5}},"line":184},"7":{"name":"(anonymous_7)","decl":{"start":{"line":186,"column":35},"end":{"line":186,"column":41}},"loc":{"start":{"line":186,"column":41},"end":{"line":186,"column":52}},"line":186},"8":{"name":"(anonymous_8)","decl":{"start":{"line":194,"column":2},"end":{"line":194,"column":null}},"loc":{"start":{"line":197,"column":74},"end":{"line":204,"column":null}},"line":197},"9":{"name":"(anonymous_9)","decl":{"start":{"line":199,"column":22},"end":{"line":199,"column":35}},"loc":{"start":{"line":199,"column":35},"end":{"line":203,"column":5}},"line":199},"10":{"name":"(anonymous_10)","decl":{"start":{"line":202,"column":35},"end":{"line":202,"column":41}},"loc":{"start":{"line":202,"column":41},"end":{"line":202,"column":57}},"line":202},"11":{"name":"(anonymous_11)","decl":{"start":{"line":210,"column":2},"end":{"line":210,"column":null}},"loc":{"start":{"line":213,"column":85},"end":{"line":227,"column":null}},"line":213},"12":{"name":"(anonymous_12)","decl":{"start":{"line":215,"column":22},"end":{"line":215,"column":35}},"loc":{"start":{"line":215,"column":35},"end":{"line":226,"column":5}},"line":215},"13":{"name":"(anonymous_13)","decl":{"start":{"line":218,"column":44},"end":{"line":218,"column":50}},"loc":{"start":{"line":218,"column":50},"end":{"line":218,"column":71}},"line":218},"14":{"name":"createDataLoader","decl":{"start":{"line":233,"column":9},"end":{"line":233,"column":null}},"loc":{"start":{"line":235,"column":47},"end":{"line":274,"column":null}},"line":235},"15":{"name":"(anonymous_15)","decl":{"start":{"line":236,"column":20},"end":{"line":236,"column":33}},"loc":{"start":{"line":236,"column":33},"end":{"line":273,"column":3}},"line":236},"16":{"name":"(anonymous_16)","decl":{"start":{"line":241,"column":42},"end":{"line":241,"column":49}},"loc":{"start":{"line":241,"column":58},"end":{"line":251,"column":7}},"line":241},"17":{"name":"(anonymous_17)","decl":{"start":{"line":246,"column":24},"end":{"line":246,"column":25}},"loc":{"start":{"line":246,"column":33},"end":{"line":250,"column":9}},"line":246},"18":{"name":"(anonymous_18)","decl":{"start":{"line":247,"column":34},"end":{"line":247,"column":35}},"loc":{"start":{"line":247,"column":41},"end":{"line":247,"column":59}},"line":247},"19":{"name":"(anonymous_19)","decl":{"start":{"line":255,"column":44},"end":{"line":255,"column":51}},"loc":{"start":{"line":255,"column":60},"end":{"line":270,"column":7}},"line":255},"20":{"name":"(anonymous_20)","decl":{"start":{"line":269,"column":24},"end":{"line":269,"column":25}},"loc":{"start":{"line":269,"column":33},"end":{"line":269,"column":51}},"line":269},"21":{"name":"define","decl":{"start":{"line":301,"column":9},"end":{"line":301,"column":null}},"loc":{"start":{"line":303,"column":24},"end":{"line":305,"column":null}},"line":303},"22":{"name":"mapByKey","decl":{"start":{"line":315,"column":9},"end":{"line":315,"column":null}},"loc":{"start":{"line":319,"column":17},"end":{"line":325,"column":null}},"line":319},"23":{"name":"(anonymous_23)","decl":{"start":{"line":324,"column":18},"end":{"line":324,"column":19}},"loc":{"start":{"line":324,"column":27},"end":{"line":324,"column":73}},"line":324},"24":{"name":"groupByKey","decl":{"start":{"line":331,"column":9},"end":{"line":331,"column":null}},"loc":{"start":{"line":335,"column":15},"end":{"line":346,"column":null}},"line":335}},"branchMap":{"0":{"loc":{"start":{"line":221,"column":8},"end":{"line":223,"column":null}},"type":"if","locations":[{"start":{"line":221,"column":8},"end":{"line":223,"column":null}},{"start":{},"end":{}}],"line":221},"1":{"loc":{"start":{"line":240,"column":4},"end":{"line":272,"column":null}},"type":"if","locations":[{"start":{"line":240,"column":4},"end":{"line":272,"column":null}},{"start":{"line":253,"column":11},"end":{"line":272,"column":null}}],"line":240},"2":{"loc":{"start":{"line":248,"column":10},"end":{"line":248,"column":null}},"type":"if","locations":[{"start":{"line":248,"column":10},"end":{"line":248,"column":null}},{"start":{},"end":{}}],"line":248},"3":{"loc":{"start":{"line":267,"column":10},"end":{"line":267,"column":null}},"type":"if","locations":[{"start":{"line":267,"column":10},"end":{"line":267,"column":null}},{"start":{},"end":{}}],"line":267},"4":{"loc":{"start":{"line":269,"column":33},"end":{"line":269,"column":51}},"type":"binary-expr","locations":[{"start":{"line":269,"column":33},"end":{"line":269,"column":49}},{"start":{"line":269,"column":49},"end":{"line":269,"column":51}}],"line":269},"5":{"loc":{"start":{"line":324,"column":27},"end":{"line":324,"column":73}},"type":"binary-expr","locations":[{"start":{"line":324,"column":27},"end":{"line":324,"column":43}},{"start":{"line":324,"column":43},"end":{"line":324,"column":73}}],"line":324},"6":{"loc":{"start":{"line":343,"column":4},"end":{"line":343,"column":null}},"type":"if","locations":[{"start":{"line":343,"column":4},"end":{"line":343,"column":null}},{"start":{},"end":{}}],"line":343}},"s":{"0":20,"1":8,"2":21,"3":21,"4":21,"5":18,"6":18,"7":18,"8":18,"9":19,"10":18,"11":2,"12":2,"13":2,"14":2,"15":2,"16":6,"17":6,"18":6,"19":6,"20":6,"21":6,"22":3,"23":3,"24":3,"25":3,"26":3,"27":3,"28":3,"29":4,"30":1,"31":2,"32":19,"33":19,"34":19,"35":15,"36":13,"37":12,"38":15,"39":16,"40":15,"41":2,"42":13,"43":15,"44":4,"45":3,"46":3,"47":3,"48":4,"49":3,"50":5,"51":5,"52":5,"53":5,"54":3,"55":4,"56":4,"57":21,"58":5,"59":5,"60":6,"61":5,"62":8,"63":5,"64":5,"65":8,"66":5,"67":7,"68":7,"69":7,"70":5,"71":5,"72":1},"f":{"0":20,"1":8,"2":21,"3":18,"4":18,"5":2,"6":2,"7":2,"8":6,"9":6,"10":6,"11":3,"12":3,"13":3,"14":19,"15":19,"16":13,"17":15,"18":16,"19":3,"20":4,"21":21,"22":5,"23":8,"24":5},"b":{"0":[1,3],"1":[15,4],"2":[2,13],"3":[5,0],"4":[4,0],"5":[8,4],"6":[5,2]},"meta":{"lastBranch":7,"lastFunction":25,"lastStatement":73,"seen":{"f:102:9:102:33":0,"s:106:2:110:Infinity":0,"f:125:9:125:34":1,"s:129:2:133:Infinity":1,"s:144:18:144:Infinity":2,"f:151:2:151:23":2,"s:151:23:151:42":3,"s:152:4:154:Infinity":4,"f:161:2:161:81":3,"s:162:17:162:Infinity":5,"s:163:4:174:Infinity":6,"f:165:17:165:30":4,"s:166:64:166:Infinity":7,"s:168:8:170:Infinity":8,"s:169:10:169:Infinity":9,"s:172:8:172:Infinity":10,"f:180:2:180:Infinity":5,"s:183:17:183:Infinity":11,"s:184:4:187:Infinity":12,"f:184:22:184:35":6,"s:185:22:185:Infinity":13,"s:186:6:186:Infinity":14,"f:186:35:186:41":7,"s:186:41:186:52":15,"f:194:2:194:Infinity":8,"s:198:17:198:Infinity":16,"s:199:4:203:Infinity":17,"f:199:22:199:35":9,"s:200:22:200:Infinity":18,"s:201:21:201:Infinity":19,"s:202:6:202:Infinity":20,"f:202:35:202:41":10,"s:202:41:202:57":21,"f:210:2:210:Infinity":11,"s:214:17:214:Infinity":22,"s:215:4:226:Infinity":23,"f:215:22:215:35":12,"s:216:22:216:Infinity":24,"s:217:21:217:Infinity":25,"s:218:22:218:Infinity":26,"f:218:44:218:50":13,"s:218:50:218:71":27,"s:220:6:224:Infinity":28,"b:221:8:223:Infinity:undefined:undefined:undefined:undefined":0,"s:221:8:223:Infinity":29,"s:222:10:222:Infinity":30,"s:225:6:225:Infinity":31,"f:233:9:233:Infinity":14,"s:236:2:273:Infinity":32,"f:236:20:236:33":15,"s:238:20:238:Infinity":33,"b:240:4:272:Infinity:253:11:272:Infinity":1,"s:240:4:272:Infinity":34,"s:241:21:251:Infinity":35,"f:241:42:241:49":16,"s:242:22:244:Infinity":36,"s:246:8:250:Infinity":37,"f:246:24:246:25":17,"s:247:23:247:Infinity":38,"f:247:34:247:35":18,"s:247:41:247:59":39,"b:248:10:248:Infinity:undefined:undefined:undefined:undefined":2,"s:248:10:248:Infinity":40,"s:248:21:248:Infinity":41,"s:249:10:249:Infinity":42,"s:252:6:252:Infinity":43,"s:255:21:270:Infinity":44,"f:255:44:255:51":19,"s:256:22:258:Infinity":45,"s:260:20:260:Infinity":46,"s:261:8:263:Infinity":47,"s:262:10:262:Infinity":48,"s:264:8:268:Infinity":49,"s:265:22:265:Infinity":50,"s:266:22:266:Infinity":51,"b:267:10:267:Infinity:undefined:undefined:undefined:undefined":3,"s:267:10:267:Infinity":52,"s:267:19:267:Infinity":53,"s:269:8:269:Infinity":54,"f:269:24:269:25":20,"s:269:33:269:51":55,"b:269:33:269:49:269:49:269:51":4,"s:271:6:271:Infinity":56,"f:301:9:301:Infinity":21,"s:304:2:304:Infinity":57,"f:315:9:315:Infinity":22,"s:320:14:320:Infinity":58,"s:321:2:323:Infinity":59,"s:322:4:322:Infinity":60,"s:324:2:324:Infinity":61,"f:324:18:324:19":23,"s:324:27:324:73":62,"b:324:27:324:43:324:43:324:73":5,"f:331:9:331:Infinity":24,"s:336:14:336:Infinity":63,"s:337:2:339:Infinity":64,"s:338:4:338:Infinity":65,"s:340:2:344:Infinity":66,"s:341:16:341:Infinity":67,"s:342:16:342:Infinity":68,"b:343:4:343:Infinity:undefined:undefined:undefined:undefined":6,"s:343:4:343:Infinity":69,"s:343:13:343:Infinity":70,"s:345:2:345:Infinity":71,"s:352:22:358:Infinity":72}}}
,"/Users/nickfisher/dev/experimental/effect-graphql-prototype/src/schema-mapping.ts": {"path":"/Users/nickfisher/dev/experimental/effect-graphql-prototype/src/schema-mapping.ts","statementMap":{"0":{"start":{"line":22,"column":22},"end":{"line":42,"column":null}},"1":{"start":{"line":24,"column":2},"end":{"line":40,"column":null}},"2":{"start":{"line":25,"column":23},"end":{"line":25,"column":null}},"3":{"start":{"line":29,"column":24},"end":{"line":29,"column":null}},"4":{"start":{"line":30,"column":4},"end":{"line":36,"column":null}},"5":{"start":{"line":32,"column":25},"end":{"line":32,"column":null}},"6":{"start":{"line":33,"column":6},"end":{"line":35,"column":null}},"7":{"start":{"line":34,"column":8},"end":{"line":34,"column":null}},"8":{"start":{"line":39,"column":4},"end":{"line":39,"column":null}},"9":{"start":{"line":41,"column":2},"end":{"line":41,"column":null}},"10":{"start":{"line":47,"column":29},"end":{"line":124,"column":null}},"11":{"start":{"line":48,"column":14},"end":{"line":48,"column":null}},"12":{"start":{"line":51,"column":2},"end":{"line":51,"column":null}},"13":{"start":{"line":51,"column":36},"end":{"line":51,"column":null}},"14":{"start":{"line":52,"column":2},"end":{"line":52,"column":null}},"15":{"start":{"line":52,"column":36},"end":{"line":52,"column":null}},"16":{"start":{"line":53,"column":2},"end":{"line":53,"column":null}},"17":{"start":{"line":53,"column":37},"end":{"line":53,"column":null}},"18":{"start":{"line":56,"column":2},"end":{"line":62,"column":null}},"19":{"start":{"line":57,"column":4},"end":{"line":59,"column":null}},"20":{"start":{"line":58,"column":6},"end":{"line":58,"column":null}},"21":{"start":{"line":61,"column":4},"end":{"line":61,"column":null}},"22":{"start":{"line":65,"column":2},"end":{"line":72,"column":null}},"23":{"start":{"line":66,"column":4},"end":{"line":66,"column":null}},"24":{"start":{"line":66,"column":41},"end":{"line":66,"column":null}},"25":{"start":{"line":67,"column":4},"end":{"line":70,"column":null}},"26":{"start":{"line":69,"column":6},"end":{"line":69,"column":null}},"27":{"start":{"line":71,"column":4},"end":{"line":71,"column":null}},"28":{"start":{"line":71,"column":42},"end":{"line":71,"column":null}},"29":{"start":{"line":75,"column":2},"end":{"line":81,"column":null}},"30":{"start":{"line":76,"column":21},"end":{"line":76,"column":null}},"31":{"start":{"line":77,"column":4},"end":{"line":80,"column":null}},"32":{"start":{"line":78,"column":28},"end":{"line":78,"column":null}},"33":{"start":{"line":79,"column":6},"end":{"line":79,"column":null}},"34":{"start":{"line":84,"column":2},"end":{"line":107,"column":null}},"35":{"start":{"line":85,"column":52},"end":{"line":85,"column":null}},"36":{"start":{"line":87,"column":4},"end":{"line":98,"column":null}},"37":{"start":{"line":88,"column":24},"end":{"line":88,"column":null}},"38":{"start":{"line":89,"column":26},"end":{"line":89,"column":null}},"39":{"start":{"line":90,"column":22},"end":{"line":90,"column":null}},"40":{"start":{"line":93,"column":6},"end":{"line":95,"column":null}},"41":{"start":{"line":94,"column":8},"end":{"line":94,"column":null}},"42":{"start":{"line":97,"column":6},"end":{"line":97,"column":null}},"43":{"start":{"line":101,"column":22},"end":{"line":101,"column":null}},"44":{"start":{"line":103,"column":4},"end":{"line":106,"column":null}},"45":{"start":{"line":110,"column":2},"end":{"line":112,"column":null}},"46":{"start":{"line":111,"column":4},"end":{"line":111,"column":null}},"47":{"start":{"line":115,"column":2},"end":{"line":120,"column":null}},"48":{"start":{"line":116,"column":18},"end":{"line":116,"column":null}},"49":{"start":{"line":117,"column":4},"end":{"line":119,"column":null}},"50":{"start":{"line":118,"column":6},"end":{"line":118,"column":null}},"51":{"start":{"line":123,"column":2},"end":{"line":123,"column":null}},"52":{"start":{"line":129,"column":34},"end":{"line":205,"column":null}},"53":{"start":{"line":130,"column":14},"end":{"line":130,"column":null}},"54":{"start":{"line":133,"column":2},"end":{"line":133,"column":null}},"55":{"start":{"line":133,"column":36},"end":{"line":133,"column":null}},"56":{"start":{"line":134,"column":2},"end":{"line":134,"column":null}},"57":{"start":{"line":134,"column":36},"end":{"line":134,"column":null}},"58":{"start":{"line":135,"column":2},"end":{"line":135,"column":null}},"59":{"start":{"line":135,"column":37},"end":{"line":135,"column":null}},"60":{"start":{"line":138,"column":2},"end":{"line":144,"column":null}},"61":{"start":{"line":139,"column":4},"end":{"line":141,"column":null}},"62":{"start":{"line":140,"column":6},"end":{"line":140,"column":null}},"63":{"start":{"line":143,"column":4},"end":{"line":143,"column":null}},"64":{"start":{"line":147,"column":2},"end":{"line":154,"column":null}},"65":{"start":{"line":148,"column":4},"end":{"line":148,"column":null}},"66":{"start":{"line":148,"column":41},"end":{"line":148,"column":null}},"67":{"start":{"line":149,"column":4},"end":{"line":152,"column":null}},"68":{"start":{"line":151,"column":6},"end":{"line":151,"column":null}},"69":{"start":{"line":153,"column":4},"end":{"line":153,"column":null}},"70":{"start":{"line":153,"column":42},"end":{"line":153,"column":null}},"71":{"start":{"line":157,"column":2},"end":{"line":163,"column":null}},"72":{"start":{"line":158,"column":21},"end":{"line":158,"column":null}},"73":{"start":{"line":159,"column":4},"end":{"line":162,"column":null}},"74":{"start":{"line":160,"column":28},"end":{"line":160,"column":null}},"75":{"start":{"line":161,"column":6},"end":{"line":161,"column":null}},"76":{"start":{"line":166,"column":2},"end":{"line":188,"column":null}},"77":{"start":{"line":167,"column":63},"end":{"line":167,"column":null}},"78":{"start":{"line":169,"column":4},"end":{"line":180,"column":null}},"79":{"start":{"line":170,"column":24},"end":{"line":170,"column":null}},"80":{"start":{"line":171,"column":26},"end":{"line":171,"column":null}},"81":{"start":{"line":172,"column":22},"end":{"line":172,"column":null}},"82":{"start":{"line":175,"column":6},"end":{"line":177,"column":null}},"83":{"start":{"line":176,"column":8},"end":{"line":176,"column":null}},"84":{"start":{"line":179,"column":6},"end":{"line":179,"column":null}},"85":{"start":{"line":182,"column":22},"end":{"line":182,"column":null}},"86":{"start":{"line":184,"column":4},"end":{"line":187,"column":null}},"87":{"start":{"line":191,"column":2},"end":{"line":193,"column":null}},"88":{"start":{"line":192,"column":4},"end":{"line":192,"column":null}},"89":{"start":{"line":196,"column":2},"end":{"line":201,"column":null}},"90":{"start":{"line":197,"column":18},"end":{"line":197,"column":null}},"91":{"start":{"line":198,"column":4},"end":{"line":200,"column":null}},"92":{"start":{"line":199,"column":6},"end":{"line":199,"column":null}},"93":{"start":{"line":204,"column":2},"end":{"line":204,"column":null}},"94":{"start":{"line":221,"column":35},"end":{"line":265,"column":null}},"95":{"start":{"line":226,"column":14},"end":{"line":226,"column":null}},"96":{"start":{"line":228,"column":2},"end":{"line":262,"column":null}},"97":{"start":{"line":229,"column":52},"end":{"line":229,"column":null}},"98":{"start":{"line":232,"column":4},"end":{"line":243,"column":null}},"99":{"start":{"line":233,"column":24},"end":{"line":233,"column":null}},"100":{"start":{"line":234,"column":26},"end":{"line":234,"column":null}},"101":{"start":{"line":235,"column":22},"end":{"line":235,"column":null}},"102":{"start":{"line":238,"column":6},"end":{"line":240,"column":null}},"103":{"start":{"line":239,"column":8},"end":{"line":239,"column":null}},"104":{"start":{"line":242,"column":6},"end":{"line":242,"column":null}},"105":{"start":{"line":246,"column":4},"end":{"line":256,"column":null}},"106":{"start":{"line":247,"column":6},"end":{"line":255,"column":null}},"107":{"start":{"line":248,"column":8},"end":{"line":254,"column":null}},"108":{"start":{"line":258,"column":4},"end":{"line":261,"column":null}},"109":{"start":{"line":264,"column":2},"end":{"line":264,"column":null}},"110":{"start":{"line":270,"column":29},"end":{"line":295,"column":null}},"111":{"start":{"line":273,"column":14},"end":{"line":273,"column":null}},"112":{"start":{"line":275,"column":2},"end":{"line":292,"column":null}},"113":{"start":{"line":276,"column":48},"end":{"line":276,"column":null}},"114":{"start":{"line":278,"column":4},"end":{"line":289,"column":null}},"115":{"start":{"line":279,"column":24},"end":{"line":279,"column":null}},"116":{"start":{"line":280,"column":26},"end":{"line":280,"column":null}},"117":{"start":{"line":281,"column":22},"end":{"line":281,"column":null}},"118":{"start":{"line":284,"column":6},"end":{"line":286,"column":null}},"119":{"start":{"line":285,"column":8},"end":{"line":285,"column":null}},"120":{"start":{"line":288,"column":6},"end":{"line":288,"column":null}},"121":{"start":{"line":291,"column":4},"end":{"line":291,"column":null}},"122":{"start":{"line":294,"column":2},"end":{"line":294,"column":null}}},"fnMap":{"0":{"name":"(anonymous_0)","decl":{"start":{"line":22,"column":22},"end":{"line":22,"column":23}},"loc":{"start":{"line":22,"column":49},"end":{"line":42,"column":null}},"line":22},"1":{"name":"(anonymous_1)","decl":{"start":{"line":47,"column":29},"end":{"line":47,"column":30}},"loc":{"start":{"line":47,"column":85},"end":{"line":124,"column":null}},"line":47},"2":{"name":"(anonymous_2)","decl":{"start":{"line":129,"column":34},"end":{"line":129,"column":35}},"loc":{"start":{"line":129,"column":89},"end":{"line":205,"column":null}},"line":129},"3":{"name":"(anonymous_3)","decl":{"start":{"line":221,"column":35},"end":{"line":221,"column":null}},"loc":{"start":{"line":225,"column":24},"end":{"line":265,"column":null}},"line":225},"4":{"name":"(anonymous_4)","decl":{"start":{"line":270,"column":29},"end":{"line":270,"column":null}},"loc":{"start":{"line":272,"column":36},"end":{"line":295,"column":null}},"line":272}},"branchMap":{"0":{"loc":{"start":{"line":24,"column":2},"end":{"line":40,"column":null}},"type":"if","locations":[{"start":{"line":24,"column":2},"end":{"line":40,"column":null}},{"start":{},"end":{}}],"line":24},"1":{"loc":{"start":{"line":30,"column":4},"end":{"line":36,"column":null}},"type":"if","locations":[{"start":{"line":30,"column":4},"end":{"line":36,"column":null}},{"start":{},"end":{}}],"line":30},"2":{"loc":{"start":{"line":33,"column":6},"end":{"line":35,"column":null}},"type":"if","locations":[{"start":{"line":33,"column":6},"end":{"line":35,"column":null}},{"start":{},"end":{}}],"line":33},"3":{"loc":{"start":{"line":33,"column":10},"end":{"line":33,"column":68}},"type":"binary-expr","locations":[{"start":{"line":33,"column":10},"end":{"line":33,"column":40}},{"start":{"line":33,"column":40},"end":{"line":33,"column":68}}],"line":33},"4":{"loc":{"start":{"line":51,"column":2},"end":{"line":51,"column":null}},"type":"if","locations":[{"start":{"line":51,"column":2},"end":{"line":51,"column":null}},{"start":{},"end":{}}],"line":51},"5":{"loc":{"start":{"line":52,"column":2},"end":{"line":52,"column":null}},"type":"if","locations":[{"start":{"line":52,"column":2},"end":{"line":52,"column":null}},{"start":{},"end":{}}],"line":52},"6":{"loc":{"start":{"line":53,"column":2},"end":{"line":53,"column":null}},"type":"if","locations":[{"start":{"line":53,"column":2},"end":{"line":53,"column":null}},{"start":{},"end":{}}],"line":53},"7":{"loc":{"start":{"line":56,"column":2},"end":{"line":62,"column":null}},"type":"if","locations":[{"start":{"line":56,"column":2},"end":{"line":62,"column":null}},{"start":{},"end":{}}],"line":56},"8":{"loc":{"start":{"line":57,"column":4},"end":{"line":59,"column":null}},"type":"if","locations":[{"start":{"line":57,"column":4},"end":{"line":59,"column":null}},{"start":{},"end":{}}],"line":57},"9":{"loc":{"start":{"line":65,"column":2},"end":{"line":72,"column":null}},"type":"if","locations":[{"start":{"line":65,"column":2},"end":{"line":72,"column":null}},{"start":{},"end":{}}],"line":65},"10":{"loc":{"start":{"line":66,"column":4},"end":{"line":66,"column":null}},"type":"if","locations":[{"start":{"line":66,"column":4},"end":{"line":66,"column":null}},{"start":{},"end":{}}],"line":66},"11":{"loc":{"start":{"line":67,"column":4},"end":{"line":70,"column":null}},"type":"if","locations":[{"start":{"line":67,"column":4},"end":{"line":70,"column":null}},{"start":{},"end":{}}],"line":67},"12":{"loc":{"start":{"line":69,"column":13},"end":{"line":69,"column":null}},"type":"cond-expr","locations":[{"start":{"line":69,"column":45},"end":{"line":69,"column":58}},{"start":{"line":69,"column":58},"end":{"line":69,"column":null}}],"line":69},"13":{"loc":{"start":{"line":71,"column":4},"end":{"line":71,"column":null}},"type":"if","locations":[{"start":{"line":71,"column":4},"end":{"line":71,"column":null}},{"start":{},"end":{}}],"line":71},"14":{"loc":{"start":{"line":75,"column":2},"end":{"line":81,"column":null}},"type":"if","locations":[{"start":{"line":75,"column":2},"end":{"line":81,"column":null}},{"start":{},"end":{}}],"line":75},"15":{"loc":{"start":{"line":77,"column":4},"end":{"line":80,"column":null}},"type":"if","locations":[{"start":{"line":77,"column":4},"end":{"line":80,"column":null}},{"start":{},"end":{}}],"line":77},"16":{"loc":{"start":{"line":84,"column":2},"end":{"line":107,"column":null}},"type":"if","locations":[{"start":{"line":84,"column":2},"end":{"line":107,"column":null}},{"start":{},"end":{}}],"line":84},"17":{"loc":{"start":{"line":93,"column":6},"end":{"line":95,"column":null}},"type":"if","locations":[{"start":{"line":93,"column":6},"end":{"line":95,"column":null}},{"start":{},"end":{}}],"line":93},"18":{"loc":{"start":{"line":101,"column":22},"end":{"line":101,"column":null}},"type":"binary-expr","locations":[{"start":{"line":101,"column":22},"end":{"line":101,"column":64}},{"start":{"line":101,"column":64},"end":{"line":101,"column":null}}],"line":101},"19":{"loc":{"start":{"line":110,"column":2},"end":{"line":112,"column":null}},"type":"if","locations":[{"start":{"line":110,"column":2},"end":{"line":112,"column":null}},{"start":{},"end":{}}],"line":110},"20":{"loc":{"start":{"line":115,"column":2},"end":{"line":120,"column":null}},"type":"if","locations":[{"start":{"line":115,"column":2},"end":{"line":120,"column":null}},{"start":{},"end":{}}],"line":115},"21":{"loc":{"start":{"line":117,"column":4},"end":{"line":119,"column":null}},"type":"if","locations":[{"start":{"line":117,"column":4},"end":{"line":119,"column":null}},{"start":{},"end":{}}],"line":117},"22":{"loc":{"start":{"line":133,"column":2},"end":{"line":133,"column":null}},"type":"if","locations":[{"start":{"line":133,"column":2},"end":{"line":133,"column":null}},{"start":{},"end":{}}],"line":133},"23":{"loc":{"start":{"line":134,"column":2},"end":{"line":134,"column":null}},"type":"if","locations":[{"start":{"line":134,"column":2},"end":{"line":134,"column":null}},{"start":{},"end":{}}],"line":134},"24":{"loc":{"start":{"line":135,"column":2},"end":{"line":135,"column":null}},"type":"if","locations":[{"start":{"line":135,"column":2},"end":{"line":135,"column":null}},{"start":{},"end":{}}],"line":135},"25":{"loc":{"start":{"line":138,"column":2},"end":{"line":144,"column":null}},"type":"if","locations":[{"start":{"line":138,"column":2},"end":{"line":144,"column":null}},{"start":{},"end":{}}],"line":138},"26":{"loc":{"start":{"line":139,"column":4},"end":{"line":141,"column":null}},"type":"if","locations":[{"start":{"line":139,"column":4},"end":{"line":141,"column":null}},{"start":{},"end":{}}],"line":139},"27":{"loc":{"start":{"line":147,"column":2},"end":{"line":154,"column":null}},"type":"if","locations":[{"start":{"line":147,"column":2},"end":{"line":154,"column":null}},{"start":{},"end":{}}],"line":147},"28":{"loc":{"start":{"line":148,"column":4},"end":{"line":148,"column":null}},"type":"if","locations":[{"start":{"line":148,"column":4},"end":{"line":148,"column":null}},{"start":{},"end":{}}],"line":148},"29":{"loc":{"start":{"line":149,"column":4},"end":{"line":152,"column":null}},"type":"if","locations":[{"start":{"line":149,"column":4},"end":{"line":152,"column":null}},{"start":{},"end":{}}],"line":149},"30":{"loc":{"start":{"line":151,"column":13},"end":{"line":151,"column":null}},"type":"cond-expr","locations":[{"start":{"line":151,"column":45},"end":{"line":151,"column":58}},{"start":{"line":151,"column":58},"end":{"line":151,"column":null}}],"line":151},"31":{"loc":{"start":{"line":153,"column":4},"end":{"line":153,"column":null}},"type":"if","locations":[{"start":{"line":153,"column":4},"end":{"line":153,"column":null}},{"start":{},"end":{}}],"line":153},"32":{"loc":{"start":{"line":157,"column":2},"end":{"line":163,"column":null}},"type":"if","locations":[{"start":{"line":157,"column":2},"end":{"line":163,"column":null}},{"start":{},"end":{}}],"line":157},"33":{"loc":{"start":{"line":159,"column":4},"end":{"line":162,"column":null}},"type":"if","locations":[{"start":{"line":159,"column":4},"end":{"line":162,"column":null}},{"start":{},"end":{}}],"line":159},"34":{"loc":{"start":{"line":166,"column":2},"end":{"line":188,"column":null}},"type":"if","locations":[{"start":{"line":166,"column":2},"end":{"line":188,"column":null}},{"start":{},"end":{}}],"line":166},"35":{"loc":{"start":{"line":175,"column":6},"end":{"line":177,"column":null}},"type":"if","locations":[{"start":{"line":175,"column":6},"end":{"line":177,"column":null}},{"start":{},"end":{}}],"line":175},"36":{"loc":{"start":{"line":182,"column":22},"end":{"line":182,"column":null}},"type":"binary-expr","locations":[{"start":{"line":182,"column":22},"end":{"line":182,"column":64}},{"start":{"line":182,"column":64},"end":{"line":182,"column":null}}],"line":182},"37":{"loc":{"start":{"line":191,"column":2},"end":{"line":193,"column":null}},"type":"if","locations":[{"start":{"line":191,"column":2},"end":{"line":193,"column":null}},{"start":{},"end":{}}],"line":191},"38":{"loc":{"start":{"line":196,"column":2},"end":{"line":201,"column":null}},"type":"if","locations":[{"start":{"line":196,"column":2},"end":{"line":201,"column":null}},{"start":{},"end":{}}],"line":196},"39":{"loc":{"start":{"line":198,"column":4},"end":{"line":200,"column":null}},"type":"if","locations":[{"start":{"line":198,"column":4},"end":{"line":200,"column":null}},{"start":{},"end":{}}],"line":198},"40":{"loc":{"start":{"line":228,"column":2},"end":{"line":262,"column":null}},"type":"if","locations":[{"start":{"line":228,"column":2},"end":{"line":262,"column":null}},{"start":{},"end":{}}],"line":228},"41":{"loc":{"start":{"line":238,"column":6},"end":{"line":240,"column":null}},"type":"if","locations":[{"start":{"line":238,"column":6},"end":{"line":240,"column":null}},{"start":{},"end":{}}],"line":238},"42":{"loc":{"start":{"line":246,"column":4},"end":{"line":256,"column":null}},"type":"if","locations":[{"start":{"line":246,"column":4},"end":{"line":256,"column":null}},{"start":{},"end":{}}],"line":246},"43":{"loc":{"start":{"line":275,"column":2},"end":{"line":292,"column":null}},"type":"if","locations":[{"start":{"line":275,"column":2},"end":{"line":292,"column":null}},{"start":{},"end":{}}],"line":275},"44":{"loc":{"start":{"line":284,"column":6},"end":{"line":286,"column":null}},"type":"if","locations":[{"start":{"line":284,"column":6},"end":{"line":286,"column":null}},{"start":{},"end":{}}],"line":284}},"s":{"0":6,"1":23,"2":21,"3":21,"4":21,"5":21,"6":21,"7":18,"8":3,"9":2,"10":6,"11":225,"12":225,"13":158,"14":67,"15":67,"16":64,"17":64,"18":61,"19":11,"20":9,"21":2,"22":50,"23":20,"24":16,"25":4,"26":2,"27":2,"28":2,"29":30,"30":7,"31":7,"32":5,"33":5,"34":25,"35":13,"36":13,"37":23,"38":23,"39":23,"40":23,"41":18,"42":23,"43":13,"44":13,"45":12,"46":0,"47":12,"48":9,"49":9,"50":9,"51":3,"52":6,"53":77,"54":77,"55":42,"56":35,"57":35,"58":34,"59":34,"60":33,"61":9,"62":9,"63":0,"64":24,"65":0,"66":0,"67":0,"68":0,"69":0,"70":0,"71":24,"72":5,"73":5,"74":3,"75":3,"76":21,"77":8,"78":8,"79":10,"80":10,"81":10,"82":10,"83":8,"84":10,"85":8,"86":8,"87":13,"88":1,"89":12,"90":10,"91":10,"92":10,"93":2,"94":6,"95":6,"96":6,"97":5,"98":5,"99":15,"100":15,"101":15,"102":15,"103":13,"104":15,"105":5,"106":2,"107":2,"108":5,"109":1,"110":6,"111":9,"112":9,"113":7,"114":7,"115":10,"116":10,"117":10,"118":10,"119":7,"120":10,"121":7,"122":2},"f":{"0":23,"1":225,"2":77,"3":6,"4":9},"b":{"0":[21,2],"1":[21,0],"2":[18,3],"3":[21,18],"4":[158,67],"5":[3,64],"6":[3,61],"7":[11,50],"8":[9,2],"9":[20,30],"10":[16,4],"11":[2,2],"12":[1,1],"13":[2,0],"14":[7,23],"15":[5,2],"16":[13,12],"17":[18,5],"18":[13,13],"19":[0,12],"20":[9,3],"21":[9,0],"22":[42,35],"23":[1,34],"24":[1,33],"25":[9,24],"26":[9,0],"27":[0,24],"28":[0,0],"29":[0,0],"30":[0,0],"31":[0,0],"32":[5,19],"33":[3,2],"34":[8,13],"35":[8,2],"36":[8,8],"37":[1,12],"38":[10,2],"39":[10,0],"40":[5,1],"41":[13,2],"42":[2,3],"43":[7,2],"44":[7,3]},"meta":{"lastBranch":45,"lastFunction":5,"lastStatement":123,"seen":{"s:22:22:42:Infinity":0,"f:22:22:22:23":0,"b:24:2:40:Infinity:undefined:undefined:undefined:undefined":0,"s:24:2:40:Infinity":1,"s:25:23:25:Infinity":2,"s:29:24:29:Infinity":3,"b:30:4:36:Infinity:undefined:undefined:undefined:undefined":1,"s:30:4:36:Infinity":4,"s:32:25:32:Infinity":5,"b:33:6:35:Infinity:undefined:undefined:undefined:undefined":2,"s:33:6:35:Infinity":6,"b:33:10:33:40:33:40:33:68":3,"s:34:8:34:Infinity":7,"s:39:4:39:Infinity":8,"s:41:2:41:Infinity":9,"s:47:29:124:Infinity":10,"f:47:29:47:30":1,"s:48:14:48:Infinity":11,"b:51:2:51:Infinity:undefined:undefined:undefined:undefined":4,"s:51:2:51:Infinity":12,"s:51:36:51:Infinity":13,"b:52:2:52:Infinity:undefined:undefined:undefined:undefined":5,"s:52:2:52:Infinity":14,"s:52:36:52:Infinity":15,"b:53:2:53:Infinity:undefined:undefined:undefined:undefined":6,"s:53:2:53:Infinity":16,"s:53:37:53:Infinity":17,"b:56:2:62:Infinity:undefined:undefined:undefined:undefined":7,"s:56:2:62:Infinity":18,"b:57:4:59:Infinity:undefined:undefined:undefined:undefined":8,"s:57:4:59:Infinity":19,"s:58:6:58:Infinity":20,"s:61:4:61:Infinity":21,"b:65:2:72:Infinity:undefined:undefined:undefined:undefined":9,"s:65:2:72:Infinity":22,"b:66:4:66:Infinity:undefined:undefined:undefined:undefined":10,"s:66:4:66:Infinity":23,"s:66:41:66:Infinity":24,"b:67:4:70:Infinity:undefined:undefined:undefined:undefined":11,"s:67:4:70:Infinity":25,"s:69:6:69:Infinity":26,"b:69:45:69:58:69:58:69:Infinity":12,"b:71:4:71:Infinity:undefined:undefined:undefined:undefined":13,"s:71:4:71:Infinity":27,"s:71:42:71:Infinity":28,"b:75:2:81:Infinity:undefined:undefined:undefined:undefined":14,"s:75:2:81:Infinity":29,"s:76:21:76:Infinity":30,"b:77:4:80:Infinity:undefined:undefined:undefined:undefined":15,"s:77:4:80:Infinity":31,"s:78:28:78:Infinity":32,"s:79:6:79:Infinity":33,"b:84:2:107:Infinity:undefined:undefined:undefined:undefined":16,"s:84:2:107:Infinity":34,"s:85:52:85:Infinity":35,"s:87:4:98:Infinity":36,"s:88:24:88:Infinity":37,"s:89:26:89:Infinity":38,"s:90:22:90:Infinity":39,"b:93:6:95:Infinity:undefined:undefined:undefined:undefined":17,"s:93:6:95:Infinity":40,"s:94:8:94:Infinity":41,"s:97:6:97:Infinity":42,"s:101:22:101:Infinity":43,"b:101:22:101:64:101:64:101:Infinity":18,"s:103:4:106:Infinity":44,"b:110:2:112:Infinity:undefined:undefined:undefined:undefined":19,"s:110:2:112:Infinity":45,"s:111:4:111:Infinity":46,"b:115:2:120:Infinity:undefined:undefined:undefined:undefined":20,"s:115:2:120:Infinity":47,"s:116:18:116:Infinity":48,"b:117:4:119:Infinity:undefined:undefined:undefined:undefined":21,"s:117:4:119:Infinity":49,"s:118:6:118:Infinity":50,"s:123:2:123:Infinity":51,"s:129:34:205:Infinity":52,"f:129:34:129:35":2,"s:130:14:130:Infinity":53,"b:133:2:133:Infinity:undefined:undefined:undefined:undefined":22,"s:133:2:133:Infinity":54,"s:133:36:133:Infinity":55,"b:134:2:134:Infinity:undefined:undefined:undefined:undefined":23,"s:134:2:134:Infinity":56,"s:134:36:134:Infinity":57,"b:135:2:135:Infinity:undefined:undefined:undefined:undefined":24,"s:135:2:135:Infinity":58,"s:135:37:135:Infinity":59,"b:138:2:144:Infinity:undefined:undefined:undefined:undefined":25,"s:138:2:144:Infinity":60,"b:139:4:141:Infinity:undefined:undefined:undefined:undefined":26,"s:139:4:141:Infinity":61,"s:140:6:140:Infinity":62,"s:143:4:143:Infinity":63,"b:147:2:154:Infinity:undefined:undefined:undefined:undefined":27,"s:147:2:154:Infinity":64,"b:148:4:148:Infinity:undefined:undefined:undefined:undefined":28,"s:148:4:148:Infinity":65,"s:148:41:148:Infinity":66,"b:149:4:152:Infinity:undefined:undefined:undefined:undefined":29,"s:149:4:152:Infinity":67,"s:151:6:151:Infinity":68,"b:151:45:151:58:151:58:151:Infinity":30,"b:153:4:153:Infinity:undefined:undefined:undefined:undefined":31,"s:153:4:153:Infinity":69,"s:153:42:153:Infinity":70,"b:157:2:163:Infinity:undefined:undefined:undefined:undefined":32,"s:157:2:163:Infinity":71,"s:158:21:158:Infinity":72,"b:159:4:162:Infinity:undefined:undefined:undefined:undefined":33,"s:159:4:162:Infinity":73,"s:160:28:160:Infinity":74,"s:161:6:161:Infinity":75,"b:166:2:188:Infinity:undefined:undefined:undefined:undefined":34,"s:166:2:188:Infinity":76,"s:167:63:167:Infinity":77,"s:169:4:180:Infinity":78,"s:170:24:170:Infinity":79,"s:171:26:171:Infinity":80,"s:172:22:172:Infinity":81,"b:175:6:177:Infinity:undefined:undefined:undefined:undefined":35,"s:175:6:177:Infinity":82,"s:176:8:176:Infinity":83,"s:179:6:179:Infinity":84,"s:182:22:182:Infinity":85,"b:182:22:182:64:182:64:182:Infinity":36,"s:184:4:187:Infinity":86,"b:191:2:193:Infinity:undefined:undefined:undefined:undefined":37,"s:191:2:193:Infinity":87,"s:192:4:192:Infinity":88,"b:196:2:201:Infinity:undefined:undefined:undefined:undefined":38,"s:196:2:201:Infinity":89,"s:197:18:197:Infinity":90,"b:198:4:200:Infinity:undefined:undefined:undefined:undefined":39,"s:198:4:200:Infinity":91,"s:199:6:199:Infinity":92,"s:204:2:204:Infinity":93,"s:221:35:265:Infinity":94,"f:221:35:221:Infinity":3,"s:226:14:226:Infinity":95,"b:228:2:262:Infinity:undefined:undefined:undefined:undefined":40,"s:228:2:262:Infinity":96,"s:229:52:229:Infinity":97,"s:232:4:243:Infinity":98,"s:233:24:233:Infinity":99,"s:234:26:234:Infinity":100,"s:235:22:235:Infinity":101,"b:238:6:240:Infinity:undefined:undefined:undefined:undefined":41,"s:238:6:240:Infinity":102,"s:239:8:239:Infinity":103,"s:242:6:242:Infinity":104,"b:246:4:256:Infinity:undefined:undefined:undefined:undefined":42,"s:246:4:256:Infinity":105,"s:247:6:255:Infinity":106,"s:248:8:254:Infinity":107,"s:258:4:261:Infinity":108,"s:264:2:264:Infinity":109,"s:270:29:295:Infinity":110,"f:270:29:270:Infinity":4,"s:273:14:273:Infinity":111,"b:275:2:292:Infinity:undefined:undefined:undefined:undefined":43,"s:275:2:292:Infinity":112,"s:276:48:276:Infinity":113,"s:278:4:289:Infinity":114,"s:279:24:279:Infinity":115,"s:280:26:280:Infinity":116,"s:281:22:281:Infinity":117,"b:284:6:286:Infinity:undefined:undefined:undefined:undefined":44,"s:284:6:286:Infinity":118,"s:285:8:285:Infinity":119,"s:288:6:288:Infinity":120,"s:291:4:291:Infinity":121,"s:294:2:294:Infinity":122}}}
,"/Users/nickfisher/dev/experimental/effect-graphql-prototype/src/builder/execute.ts": {"path":"/Users/nickfisher/dev/experimental/effect-graphql-prototype/src/builder/execute.ts","statementMap":{"0":{"start":{"line":11,"column":23},"end":{"line":36,"column":null}},"1":{"start":{"line":14,"column":5},"end":{"line":36,"column":null}},"2":{"start":{"line":19,"column":2},"end":{"line":36,"column":null}},"3":{"start":{"line":21,"column":20},"end":{"line":21,"column":null}},"4":{"start":{"line":24,"column":19},"end":{"line":33,"column":null}},"5":{"start":{"line":25,"column":11},"end":{"line":31,"column":null}},"6":{"start":{"line":32,"column":24},"end":{"line":32,"column":null}},"7":{"start":{"line":35,"column":4},"end":{"line":35,"column":null}}},"fnMap":{"0":{"name":"(anonymous_0)","decl":{"start":{"line":11,"column":23},"end":{"line":11,"column":null}},"loc":{"start":{"line":14,"column":5},"end":{"line":36,"column":null}},"line":14},"1":{"name":"(anonymous_1)","decl":{"start":{"line":14,"column":5},"end":{"line":14,"column":null}},"loc":{"start":{"line":19,"column":2},"end":{"line":36,"column":null}},"line":19},"2":{"name":"(anonymous_2)","decl":{"start":{"line":19,"column":13},"end":{"line":19,"column":25}},"loc":{"start":{"line":19,"column":25},"end":{"line":36,"column":3}},"line":19},"3":{"name":"(anonymous_3)","decl":{"start":{"line":25,"column":11},"end":{"line":25,"column":17}},"loc":{"start":{"line":25,"column":11},"end":{"line":31,"column":null}},"line":25},"4":{"name":"(anonymous_4)","decl":{"start":{"line":32,"column":13},"end":{"line":32,"column":14}},"loc":{"start":{"line":32,"column":24},"end":{"line":32,"column":null}},"line":32}},"branchMap":{},"s":{"0":1,"1":10,"2":10,"3":10,"4":10,"5":10,"6":0,"7":10},"f":{"0":10,"1":10,"2":10,"3":10,"4":0},"b":{},"meta":{"lastBranch":0,"lastFunction":5,"lastStatement":8,"seen":{"s:11:23:36:Infinity":0,"f:11:23:11:Infinity":0,"s:14:5:36:Infinity":1,"f:14:5:14:Infinity":1,"s:19:2:36:Infinity":2,"f:19:13:19:25":2,"s:21:20:21:Infinity":3,"s:24:19:33:Infinity":4,"f:25:11:25:17":3,"s:25:11:31:Infinity":5,"f:32:13:32:14":4,"s:32:24:32:Infinity":6,"s:35:4:35:Infinity":7}}}
,"/Users/nickfisher/dev/experimental/effect-graphql-prototype/src/builder/field-builders.ts": {"path":"/Users/nickfisher/dev/experimental/effect-graphql-prototype/src/builder/field-builders.ts","statementMap":{"0":{"start":{"line":38,"column":2},"end":{"line":38,"column":null}},"1":{"start":{"line":38,"column":19},"end":{"line":38,"column":null}},"2":{"start":{"line":40,"column":16},"end":{"line":40,"column":null}},"3":{"start":{"line":41,"column":2},"end":{"line":46,"column":null}},"4":{"start":{"line":42,"column":25},"end":{"line":42,"column":null}},"5":{"start":{"line":43,"column":4},"end":{"line":45,"column":null}},"6":{"start":{"line":44,"column":6},"end":{"line":44,"column":null}},"7":{"start":{"line":47,"column":2},"end":{"line":47,"column":null}},"8":{"start":{"line":57,"column":52},"end":{"line":67,"column":null}},"9":{"start":{"line":60,"column":21},"end":{"line":64,"column":null}},"10":{"start":{"line":65,"column":6},"end":{"line":65,"column":null}},"11":{"start":{"line":69,"column":2},"end":{"line":77,"column":null}},"12":{"start":{"line":70,"column":4},"end":{"line":76,"column":null}},"13":{"start":{"line":78,"column":2},"end":{"line":80,"column":null}},"14":{"start":{"line":79,"column":4},"end":{"line":79,"column":null}},"15":{"start":{"line":82,"column":2},"end":{"line":82,"column":null}},"16":{"start":{"line":92,"column":52},"end":{"line":102,"column":null}},"17":{"start":{"line":95,"column":21},"end":{"line":99,"column":null}},"18":{"start":{"line":100,"column":6},"end":{"line":100,"column":null}},"19":{"start":{"line":104,"column":2},"end":{"line":112,"column":null}},"20":{"start":{"line":105,"column":4},"end":{"line":111,"column":null}},"21":{"start":{"line":113,"column":2},"end":{"line":115,"column":null}},"22":{"start":{"line":114,"column":4},"end":{"line":114,"column":null}},"23":{"start":{"line":117,"column":2},"end":{"line":117,"column":null}},"24":{"start":{"line":133,"column":52},"end":{"line":162,"column":null}},"25":{"start":{"line":139,"column":28},"end":{"line":139,"column":null}},"26":{"start":{"line":142,"column":6},"end":{"line":146,"column":null}},"27":{"start":{"line":148,"column":21},"end":{"line":148,"column":null}},"28":{"start":{"line":151,"column":6},"end":{"line":151,"column":null}},"29":{"start":{"line":158,"column":25},"end":{"line":158,"column":null}},"30":{"start":{"line":159,"column":10},"end":{"line":159,"column":null}},"31":{"start":{"line":161,"column":19},"end":{"line":161,"column":null}},"32":{"start":{"line":164,"column":2},"end":{"line":172,"column":null}},"33":{"start":{"line":165,"column":4},"end":{"line":171,"column":null}},"34":{"start":{"line":173,"column":2},"end":{"line":175,"column":null}},"35":{"start":{"line":174,"column":4},"end":{"line":174,"column":null}},"36":{"start":{"line":177,"column":2},"end":{"line":177,"column":null}},"37":{"start":{"line":194,"column":20},"end":{"line":194,"column":null}},"38":{"start":{"line":195,"column":13},"end":{"line":195,"column":null}},"39":{"start":{"line":197,"column":21},"end":{"line":213,"column":null}},"40":{"start":{"line":198,"column":4},"end":{"line":198,"column":null}},"41":{"start":{"line":198,"column":21},"end":{"line":198,"column":null}},"42":{"start":{"line":199,"column":4},"end":{"line":199,"column":null}},"43":{"start":{"line":201,"column":4},"end":{"line":203,"column":null}},"44":{"start":{"line":206,"column":4},"end":{"line":212,"column":null}},"45":{"start":{"line":208,"column":45},"end":{"line":208,"column":83}},"46":{"start":{"line":215,"column":2},"end":{"line":259,"column":null}},"47":{"start":{"line":216,"column":31},"end":{"line":216,"column":43}},"48":{"start":{"line":219,"column":6},"end":{"line":219,"column":null}},"49":{"start":{"line":221,"column":6},"end":{"line":223,"column":null}},"50":{"start":{"line":222,"column":8},"end":{"line":222,"column":null}},"51":{"start":{"line":225,"column":6},"end":{"line":239,"column":null}},"52":{"start":{"line":226,"column":28},"end":{"line":228,"column":null}},"53":{"start":{"line":230,"column":8},"end":{"line":233,"column":null}},"54":{"start":{"line":231,"column":10},"end":{"line":231,"column":null}},"55":{"start":{"line":232,"column":10},"end":{"line":232,"column":null}},"56":{"start":{"line":235,"column":8},"end":{"line":235,"column":null}},"57":{"start":{"line":237,"column":8},"end":{"line":237,"column":null}},"58":{"start":{"line":238,"column":8},"end":{"line":238,"column":null}},"59":{"start":{"line":244,"column":6},"end":{"line":244,"column":null}},"60":{"start":{"line":245,"column":6},"end":{"line":256,"column":null}},"61":{"start":{"line":246,"column":8},"end":{"line":255,"column":null}},"62":{"start":{"line":247,"column":10},"end":{"line":249,"column":null}},"63":{"start":{"line":250,"column":10},"end":{"line":252,"column":null}},"64":{"start":{"line":257,"column":6},"end":{"line":257,"column":null}}},"fnMap":{"0":{"name":"applyDirectives","decl":{"start":{"line":33,"column":9},"end":{"line":33,"column":null}},"loc":{"start":{"line":37,"column":28},"end":{"line":48,"column":null}},"line":37},"1":{"name":"buildField","decl":{"start":{"line":53,"column":16},"end":{"line":53,"column":null}},"loc":{"start":{"line":56,"column":32},"end":{"line":83,"column":null}},"line":56},"2":{"name":"(anonymous_2)","decl":{"start":{"line":59,"column":13},"end":{"line":59,"column":20}},"loc":{"start":{"line":59,"column":74},"end":{"line":66,"column":null}},"line":59},"3":{"name":"buildObjectField","decl":{"start":{"line":88,"column":16},"end":{"line":88,"column":null}},"loc":{"start":{"line":91,"column":32},"end":{"line":118,"column":null}},"line":91},"4":{"name":"(anonymous_4)","decl":{"start":{"line":94,"column":13},"end":{"line":94,"column":20}},"loc":{"start":{"line":94,"column":73},"end":{"line":101,"column":null}},"line":94},"5":{"name":"buildSubscriptionField","decl":{"start":{"line":129,"column":16},"end":{"line":129,"column":null}},"loc":{"start":{"line":132,"column":32},"end":{"line":178,"column":null}},"line":132},"6":{"name":"(anonymous_6)","decl":{"start":{"line":137,"column":15},"end":{"line":137,"column":22}},"loc":{"start":{"line":137,"column":76},"end":{"line":152,"column":null}},"line":137},"7":{"name":"(anonymous_7)","decl":{"start":{"line":157,"column":8},"end":{"line":157,"column":15}},"loc":{"start":{"line":157,"column":67},"end":{"line":160,"column":null}},"line":157},"8":{"name":"(anonymous_8)","decl":{"start":{"line":161,"column":8},"end":{"line":161,"column":9}},"loc":{"start":{"line":161,"column":19},"end":{"line":161,"column":null}},"line":161},"9":{"name":"streamToAsyncIterator","decl":{"start":{"line":187,"column":9},"end":{"line":187,"column":null}},"loc":{"start":{"line":190,"column":20},"end":{"line":260,"column":null}},"line":190},"10":{"name":"(anonymous_10)","decl":{"start":{"line":197,"column":21},"end":{"line":197,"column":33}},"loc":{"start":{"line":197,"column":33},"end":{"line":213,"column":null}},"line":197},"11":{"name":"(anonymous_11)","decl":{"start":{"line":208,"column":34},"end":{"line":208,"column":35}},"loc":{"start":{"line":208,"column":45},"end":{"line":208,"column":83}},"line":208},"12":{"name":"(anonymous_12)","decl":{"start":{"line":216,"column":5},"end":{"line":216,"column":25}},"loc":{"start":{"line":216,"column":29},"end":{"line":216,"column":null}},"line":216},"13":{"name":"(anonymous_13)","decl":{"start":{"line":218,"column":10},"end":{"line":218,"column":45}},"loc":{"start":{"line":218,"column":45},"end":{"line":240,"column":null}},"line":218},"14":{"name":"(anonymous_14)","decl":{"start":{"line":242,"column":10},"end":{"line":242,"column":47}},"loc":{"start":{"line":242,"column":47},"end":{"line":258,"column":null}},"line":242}},"branchMap":{"0":{"loc":{"start":{"line":38,"column":2},"end":{"line":38,"column":null}},"type":"if","locations":[{"start":{"line":38,"column":2},"end":{"line":38,"column":null}},{"start":{},"end":{}}],"line":38},"1":{"loc":{"start":{"line":43,"column":4},"end":{"line":45,"column":null}},"type":"if","locations":[{"start":{"line":43,"column":4},"end":{"line":45,"column":null}},{"start":{},"end":{}}],"line":43},"2":{"loc":{"start":{"line":44,"column":35},"end":{"line":44,"column":58}},"type":"binary-expr","locations":[{"start":{"line":44,"column":35},"end":{"line":44,"column":56}},{"start":{"line":44,"column":56},"end":{"line":44,"column":58}}],"line":44},"3":{"loc":{"start":{"line":69,"column":2},"end":{"line":77,"column":null}},"type":"if","locations":[{"start":{"line":69,"column":2},"end":{"line":77,"column":null}},{"start":{},"end":{}}],"line":69},"4":{"loc":{"start":{"line":78,"column":2},"end":{"line":80,"column":null}},"type":"if","locations":[{"start":{"line":78,"column":2},"end":{"line":80,"column":null}},{"start":{},"end":{}}],"line":78},"5":{"loc":{"start":{"line":104,"column":2},"end":{"line":112,"column":null}},"type":"if","locations":[{"start":{"line":104,"column":2},"end":{"line":112,"column":null}},{"start":{},"end":{}}],"line":104},"6":{"loc":{"start":{"line":113,"column":2},"end":{"line":115,"column":null}},"type":"if","locations":[{"start":{"line":113,"column":2},"end":{"line":115,"column":null}},{"start":{},"end":{}}],"line":113},"7":{"loc":{"start":{"line":156,"column":13},"end":{"line":161,"column":null}},"type":"cond-expr","locations":[{"start":{"line":157,"column":8},"end":{"line":160,"column":null}},{"start":{"line":161,"column":8},"end":{"line":161,"column":null}}],"line":156},"8":{"loc":{"start":{"line":164,"column":2},"end":{"line":172,"column":null}},"type":"if","locations":[{"start":{"line":164,"column":2},"end":{"line":172,"column":null}},{"start":{},"end":{}}],"line":164},"9":{"loc":{"start":{"line":173,"column":2},"end":{"line":175,"column":null}},"type":"if","locations":[{"start":{"line":173,"column":2},"end":{"line":175,"column":null}},{"start":{},"end":{}}],"line":173},"10":{"loc":{"start":{"line":198,"column":4},"end":{"line":198,"column":null}},"type":"if","locations":[{"start":{"line":198,"column":4},"end":{"line":198,"column":null}},{"start":{},"end":{}}],"line":198},"11":{"loc":{"start":{"line":221,"column":6},"end":{"line":223,"column":null}},"type":"if","locations":[{"start":{"line":221,"column":6},"end":{"line":223,"column":null}},{"start":{},"end":{}}],"line":221},"12":{"loc":{"start":{"line":230,"column":8},"end":{"line":233,"column":null}},"type":"if","locations":[{"start":{"line":230,"column":8},"end":{"line":233,"column":null}},{"start":{},"end":{}}],"line":230},"13":{"loc":{"start":{"line":245,"column":6},"end":{"line":256,"column":null}},"type":"if","locations":[{"start":{"line":245,"column":6},"end":{"line":256,"column":null}},{"start":{},"end":{}}],"line":245}},"s":{"0":21,"1":17,"2":4,"3":4,"4":5,"5":5,"6":4,"7":4,"8":78,"9":14,"10":14,"11":78,"12":14,"13":78,"14":3,"15":78,"16":9,"17":3,"18":3,"19":9,"20":2,"21":9,"22":1,"23":9,"24":13,"25":4,"26":4,"27":4,"28":4,"29":2,"30":2,"31":1,"32":13,"33":2,"34":13,"35":1,"36":13,"37":4,"38":4,"39":4,"40":6,"41":3,"42":3,"43":3,"44":3,"45":5,"46":4,"47":0,"48":6,"49":6,"50":1,"51":5,"52":5,"53":5,"54":2,"55":2,"56":3,"57":0,"58":0,"59":1,"60":1,"61":1,"62":1,"63":1,"64":1},"f":{"0":21,"1":78,"2":14,"3":9,"4":3,"5":13,"6":4,"7":2,"8":1,"9":4,"10":6,"11":5,"12":0,"13":6,"14":1},"b":{"0":[17,4],"1":[4,1],"2":[4,3],"3":[14,64],"4":[3,75],"5":[2,7],"6":[1,8],"7":[2,1],"8":[2,11],"9":[1,12],"10":[3,3],"11":[1,5],"12":[2,3],"13":[1,0]},"meta":{"lastBranch":14,"lastFunction":15,"lastStatement":65,"seen":{"f:33:9:33:Infinity":0,"b:38:2:38:Infinity:undefined:undefined:undefined:undefined":0,"s:38:2:38:Infinity":0,"s:38:19:38:Infinity":1,"s:40:16:40:Infinity":2,"s:41:2:46:Infinity":3,"s:42:25:42:Infinity":4,"b:43:4:45:Infinity:undefined:undefined:undefined:undefined":1,"s:43:4:45:Infinity":5,"s:44:6:44:Infinity":6,"b:44:35:44:56:44:56:44:58":2,"s:47:2:47:Infinity":7,"f:53:16:53:Infinity":1,"s:57:52:67:Infinity":8,"f:59:13:59:20":2,"s:60:21:64:Infinity":9,"s:65:6:65:Infinity":10,"b:69:2:77:Infinity:undefined:undefined:undefined:undefined":3,"s:69:2:77:Infinity":11,"s:70:4:76:Infinity":12,"b:78:2:80:Infinity:undefined:undefined:undefined:undefined":4,"s:78:2:80:Infinity":13,"s:79:4:79:Infinity":14,"s:82:2:82:Infinity":15,"f:88:16:88:Infinity":3,"s:92:52:102:Infinity":16,"f:94:13:94:20":4,"s:95:21:99:Infinity":17,"s:100:6:100:Infinity":18,"b:104:2:112:Infinity:undefined:undefined:undefined:undefined":5,"s:104:2:112:Infinity":19,"s:105:4:111:Infinity":20,"b:113:2:115:Infinity:undefined:undefined:undefined:undefined":6,"s:113:2:115:Infinity":21,"s:114:4:114:Infinity":22,"s:117:2:117:Infinity":23,"f:129:16:129:Infinity":5,"s:133:52:162:Infinity":24,"f:137:15:137:22":6,"s:139:28:139:Infinity":25,"s:142:6:146:Infinity":26,"s:148:21:148:Infinity":27,"s:151:6:151:Infinity":28,"b:157:8:160:Infinity:161:8:161:Infinity":7,"f:157:8:157:15":7,"s:158:25:158:Infinity":29,"s:159:10:159:Infinity":30,"f:161:8:161:9":8,"s:161:19:161:Infinity":31,"b:164:2:172:Infinity:undefined:undefined:undefined:undefined":8,"s:164:2:172:Infinity":32,"s:165:4:171:Infinity":33,"b:173:2:175:Infinity:undefined:undefined:undefined:undefined":9,"s:173:2:175:Infinity":34,"s:174:4:174:Infinity":35,"s:177:2:177:Infinity":36,"f:187:9:187:Infinity":9,"s:194:20:194:Infinity":37,"s:195:13:195:Infinity":38,"s:197:21:213:Infinity":39,"f:197:21:197:33":10,"b:198:4:198:Infinity:undefined:undefined:undefined:undefined":10,"s:198:4:198:Infinity":40,"s:198:21:198:Infinity":41,"s:199:4:199:Infinity":42,"s:201:4:203:Infinity":43,"s:206:4:212:Infinity":44,"f:208:34:208:35":11,"s:208:45:208:83":45,"s:215:2:259:Infinity":46,"f:216:5:216:25":12,"s:216:31:216:43":47,"f:218:10:218:45":13,"s:219:6:219:Infinity":48,"b:221:6:223:Infinity:undefined:undefined:undefined:undefined":11,"s:221:6:223:Infinity":49,"s:222:8:222:Infinity":50,"s:225:6:239:Infinity":51,"s:226:28:228:Infinity":52,"b:230:8:233:Infinity:undefined:undefined:undefined:undefined":12,"s:230:8:233:Infinity":53,"s:231:10:231:Infinity":54,"s:232:10:232:Infinity":55,"s:235:8:235:Infinity":56,"s:237:8:237:Infinity":57,"s:238:8:238:Infinity":58,"f:242:10:242:47":14,"s:244:6:244:Infinity":59,"b:245:6:256:Infinity:undefined:undefined:undefined:undefined":13,"s:245:6:256:Infinity":60,"s:246:8:255:Infinity":61,"s:247:10:249:Infinity":62,"s:250:10:252:Infinity":63,"s:257:6:257:Infinity":64}}}
,"/Users/nickfisher/dev/experimental/effect-graphql-prototype/src/builder/pipe-api.ts": {"path":"/Users/nickfisher/dev/experimental/effect-graphql-prototype/src/builder/pipe-api.ts","statementMap":{"0":{"start":{"line":11,"column":26},"end":{"line":24,"column":null}},"1":{"start":{"line":23,"column":6},"end":{"line":24,"column":null}},"2":{"start":{"line":24,"column":2},"end":{"line":24,"column":null}},"3":{"start":{"line":30,"column":29},"end":{"line":35,"column":null}},"4":{"start":{"line":34,"column":6},"end":{"line":35,"column":null}},"5":{"start":{"line":35,"column":2},"end":{"line":35,"column":null}},"6":{"start":{"line":40,"column":24},"end":{"line":45,"column":null}},"7":{"start":{"line":44,"column":6},"end":{"line":45,"column":null}},"8":{"start":{"line":45,"column":2},"end":{"line":45,"column":null}},"9":{"start":{"line":50,"column":25},"end":{"line":55,"column":null}},"10":{"start":{"line":54,"column":6},"end":{"line":55,"column":null}},"11":{"start":{"line":55,"column":2},"end":{"line":55,"column":null}},"12":{"start":{"line":61,"column":25},"end":{"line":66,"column":null}},"13":{"start":{"line":65,"column":6},"end":{"line":66,"column":null}},"14":{"start":{"line":66,"column":2},"end":{"line":66,"column":null}},"15":{"start":{"line":78,"column":25},"end":{"line":85,"column":null}},"16":{"start":{"line":84,"column":6},"end":{"line":85,"column":null}},"17":{"start":{"line":85,"column":2},"end":{"line":85,"column":null}},"18":{"start":{"line":90,"column":21},"end":{"line":100,"column":null}},"19":{"start":{"line":99,"column":5},"end":{"line":100,"column":null}},"20":{"start":{"line":100,"column":2},"end":{"line":100,"column":null}},"21":{"start":{"line":105,"column":24},"end":{"line":115,"column":null}},"22":{"start":{"line":114,"column":5},"end":{"line":115,"column":null}},"23":{"start":{"line":115,"column":2},"end":{"line":115,"column":null}},"24":{"start":{"line":135,"column":28},"end":{"line":146,"column":null}},"25":{"start":{"line":145,"column":5},"end":{"line":146,"column":null}},"26":{"start":{"line":146,"column":2},"end":{"line":146,"column":null}},"27":{"start":{"line":151,"column":21},"end":{"line":162,"column":null}},"28":{"start":{"line":161,"column":5},"end":{"line":162,"column":null}},"29":{"start":{"line":162,"column":2},"end":{"line":162,"column":null}},"30":{"start":{"line":167,"column":23},"end":{"line":169,"column":null}},"31":{"start":{"line":168,"column":2},"end":{"line":169,"column":null}},"32":{"start":{"line":169,"column":4},"end":{"line":169,"column":null}},"33":{"start":{"line":169,"column":33},"end":{"line":169,"column":40}}},"fnMap":{"0":{"name":"(anonymous_0)","decl":{"start":{"line":11,"column":26},"end":{"line":11,"column":42}},"loc":{"start":{"line":23,"column":6},"end":{"line":24,"column":null}},"line":23},"1":{"name":"(anonymous_1)","decl":{"start":{"line":23,"column":6},"end":{"line":23,"column":10}},"loc":{"start":{"line":24,"column":2},"end":{"line":24,"column":null}},"line":24},"2":{"name":"(anonymous_2)","decl":{"start":{"line":30,"column":29},"end":{"line":30,"column":30}},"loc":{"start":{"line":34,"column":6},"end":{"line":35,"column":null}},"line":34},"3":{"name":"(anonymous_3)","decl":{"start":{"line":34,"column":6},"end":{"line":34,"column":10}},"loc":{"start":{"line":35,"column":2},"end":{"line":35,"column":null}},"line":35},"4":{"name":"(anonymous_4)","decl":{"start":{"line":40,"column":24},"end":{"line":40,"column":25}},"loc":{"start":{"line":44,"column":6},"end":{"line":45,"column":null}},"line":44},"5":{"name":"(anonymous_5)","decl":{"start":{"line":44,"column":6},"end":{"line":44,"column":10}},"loc":{"start":{"line":45,"column":2},"end":{"line":45,"column":null}},"line":45},"6":{"name":"(anonymous_6)","decl":{"start":{"line":50,"column":25},"end":{"line":50,"column":26}},"loc":{"start":{"line":54,"column":6},"end":{"line":55,"column":null}},"line":54},"7":{"name":"(anonymous_7)","decl":{"start":{"line":54,"column":6},"end":{"line":54,"column":10}},"loc":{"start":{"line":55,"column":2},"end":{"line":55,"column":null}},"line":55},"8":{"name":"(anonymous_8)","decl":{"start":{"line":61,"column":25},"end":{"line":61,"column":26}},"loc":{"start":{"line":65,"column":6},"end":{"line":66,"column":null}},"line":65},"9":{"name":"(anonymous_9)","decl":{"start":{"line":65,"column":6},"end":{"line":65,"column":10}},"loc":{"start":{"line":66,"column":2},"end":{"line":66,"column":null}},"line":66},"10":{"name":"(anonymous_10)","decl":{"start":{"line":78,"column":25},"end":{"line":78,"column":51}},"loc":{"start":{"line":84,"column":6},"end":{"line":85,"column":null}},"line":84},"11":{"name":"(anonymous_11)","decl":{"start":{"line":84,"column":6},"end":{"line":84,"column":10}},"loc":{"start":{"line":85,"column":2},"end":{"line":85,"column":null}},"line":85},"12":{"name":"(anonymous_12)","decl":{"start":{"line":90,"column":21},"end":{"line":90,"column":null}},"loc":{"start":{"line":99,"column":5},"end":{"line":100,"column":null}},"line":99},"13":{"name":"(anonymous_13)","decl":{"start":{"line":99,"column":5},"end":{"line":99,"column":9}},"loc":{"start":{"line":100,"column":2},"end":{"line":100,"column":null}},"line":100},"14":{"name":"(anonymous_14)","decl":{"start":{"line":105,"column":24},"end":{"line":105,"column":null}},"loc":{"start":{"line":114,"column":5},"end":{"line":115,"column":null}},"line":114},"15":{"name":"(anonymous_15)","decl":{"start":{"line":114,"column":5},"end":{"line":114,"column":9}},"loc":{"start":{"line":115,"column":2},"end":{"line":115,"column":null}},"line":115},"16":{"name":"(anonymous_16)","decl":{"start":{"line":135,"column":28},"end":{"line":135,"column":null}},"loc":{"start":{"line":145,"column":5},"end":{"line":146,"column":null}},"line":145},"17":{"name":"(anonymous_17)","decl":{"start":{"line":145,"column":5},"end":{"line":145,"column":9}},"loc":{"start":{"line":146,"column":2},"end":{"line":146,"column":null}},"line":146},"18":{"name":"(anonymous_18)","decl":{"start":{"line":151,"column":21},"end":{"line":151,"column":null}},"loc":{"start":{"line":161,"column":5},"end":{"line":162,"column":null}},"line":161},"19":{"name":"(anonymous_19)","decl":{"start":{"line":161,"column":5},"end":{"line":161,"column":9}},"loc":{"start":{"line":162,"column":2},"end":{"line":162,"column":null}},"line":162},"20":{"name":"(anonymous_20)","decl":{"start":{"line":167,"column":23},"end":{"line":167,"column":30}},"loc":{"start":{"line":168,"column":2},"end":{"line":169,"column":null}},"line":168},"21":{"name":"(anonymous_21)","decl":{"start":{"line":168,"column":2},"end":{"line":168,"column":3}},"loc":{"start":{"line":169,"column":4},"end":{"line":169,"column":null}},"line":169},"22":{"name":"(anonymous_22)","decl":{"start":{"line":169,"column":22},"end":{"line":169,"column":23}},"loc":{"start":{"line":169,"column":33},"end":{"line":169,"column":40}},"line":169}},"branchMap":{},"s":{"0":1,"1":7,"2":7,"3":1,"4":1,"5":1,"6":1,"7":2,"8":2,"9":1,"10":1,"11":1,"12":1,"13":2,"14":2,"15":1,"16":2,"17":2,"18":1,"19":16,"20":16,"21":1,"22":4,"23":4,"24":1,"25":1,"26":1,"27":1,"28":2,"29":2,"30":1,"31":3,"32":3,"33":4},"f":{"0":7,"1":7,"2":1,"3":1,"4":2,"5":2,"6":1,"7":1,"8":2,"9":2,"10":2,"11":2,"12":16,"13":16,"14":4,"15":4,"16":1,"17":1,"18":2,"19":2,"20":3,"21":3,"22":4},"b":{},"meta":{"lastBranch":0,"lastFunction":23,"lastStatement":34,"seen":{"s:11:26:24:Infinity":0,"f:11:26:11:42":0,"s:23:6:24:Infinity":1,"f:23:6:23:10":1,"s:24:2:24:Infinity":2,"s:30:29:35:Infinity":3,"f:30:29:30:30":2,"s:34:6:35:Infinity":4,"f:34:6:34:10":3,"s:35:2:35:Infinity":5,"s:40:24:45:Infinity":6,"f:40:24:40:25":4,"s:44:6:45:Infinity":7,"f:44:6:44:10":5,"s:45:2:45:Infinity":8,"s:50:25:55:Infinity":9,"f:50:25:50:26":6,"s:54:6:55:Infinity":10,"f:54:6:54:10":7,"s:55:2:55:Infinity":11,"s:61:25:66:Infinity":12,"f:61:25:61:26":8,"s:65:6:66:Infinity":13,"f:65:6:65:10":9,"s:66:2:66:Infinity":14,"s:78:25:85:Infinity":15,"f:78:25:78:51":10,"s:84:6:85:Infinity":16,"f:84:6:84:10":11,"s:85:2:85:Infinity":17,"s:90:21:100:Infinity":18,"f:90:21:90:Infinity":12,"s:99:5:100:Infinity":19,"f:99:5:99:9":13,"s:100:2:100:Infinity":20,"s:105:24:115:Infinity":21,"f:105:24:105:Infinity":14,"s:114:5:115:Infinity":22,"f:114:5:114:9":15,"s:115:2:115:Infinity":23,"s:135:28:146:Infinity":24,"f:135:28:135:Infinity":16,"s:145:5:146:Infinity":25,"f:145:5:145:9":17,"s:146:2:146:Infinity":26,"s:151:21:162:Infinity":27,"f:151:21:151:Infinity":18,"s:161:5:162:Infinity":28,"f:161:5:161:9":19,"s:162:2:162:Infinity":29,"s:167:23:169:Infinity":30,"f:167:23:167:30":20,"s:168:2:169:Infinity":31,"f:168:2:168:3":21,"s:169:4:169:Infinity":32,"f:169:22:169:23":22,"s:169:33:169:40":33}}}
,"/Users/nickfisher/dev/experimental/effect-graphql-prototype/src/builder/schema-builder.ts": {"path":"/Users/nickfisher/dev/experimental/effect-graphql-prototype/src/builder/schema-builder.ts","statementMap":{"0":{"start":{"line":64,"column":2},"end":{"line":64,"column":null}},"1":{"start":{"line":96,"column":26},"end":{"line":107,"column":null}},"2":{"start":{"line":75,"column":39},"end":{"line":75,"column":60}},"3":{"start":{"line":90,"column":4},"end":{"line":90,"column":null}},"4":{"start":{"line":113,"column":4},"end":{"line":113,"column":null}},"5":{"start":{"line":133,"column":23},"end":{"line":133,"column":null}},"6":{"start":{"line":134,"column":4},"end":{"line":134,"column":null}},"7":{"start":{"line":135,"column":4},"end":{"line":135,"column":null}},"8":{"start":{"line":151,"column":25},"end":{"line":151,"column":null}},"9":{"start":{"line":152,"column":4},"end":{"line":152,"column":null}},"10":{"start":{"line":153,"column":4},"end":{"line":153,"column":null}},"11":{"start":{"line":184,"column":29},"end":{"line":184,"column":null}},"12":{"start":{"line":185,"column":4},"end":{"line":185,"column":null}},"13":{"start":{"line":186,"column":4},"end":{"line":186,"column":null}},"14":{"start":{"line":205,"column":77},"end":{"line":205,"column":null}},"15":{"start":{"line":206,"column":17},"end":{"line":206,"column":null}},"16":{"start":{"line":207,"column":4},"end":{"line":209,"column":null}},"17":{"start":{"line":208,"column":6},"end":{"line":208,"column":null}},"18":{"start":{"line":211,"column":21},"end":{"line":211,"column":null}},"19":{"start":{"line":212,"column":4},"end":{"line":212,"column":null}},"20":{"start":{"line":214,"column":26},"end":{"line":214,"column":null}},"21":{"start":{"line":215,"column":4},"end":{"line":222,"column":null}},"22":{"start":{"line":216,"column":6},"end":{"line":216,"column":null}},"23":{"start":{"line":217,"column":25},"end":{"line":217,"column":null}},"24":{"start":{"line":218,"column":6},"end":{"line":220,"column":null}},"25":{"start":{"line":219,"column":8},"end":{"line":219,"column":null}},"26":{"start":{"line":221,"column":6},"end":{"line":221,"column":null}},"27":{"start":{"line":224,"column":4},"end":{"line":228,"column":null}},"28":{"start":{"line":239,"column":36},"end":{"line":239,"column":null}},"29":{"start":{"line":240,"column":17},"end":{"line":240,"column":null}},"30":{"start":{"line":241,"column":4},"end":{"line":243,"column":null}},"31":{"start":{"line":242,"column":6},"end":{"line":242,"column":null}},"32":{"start":{"line":245,"column":26},"end":{"line":245,"column":null}},"33":{"start":{"line":246,"column":4},"end":{"line":250,"column":null}},"34":{"start":{"line":249,"column":51},"end":{"line":249,"column":null}},"35":{"start":{"line":252,"column":4},"end":{"line":252,"column":null}},"36":{"start":{"line":263,"column":42},"end":{"line":263,"column":null}},"37":{"start":{"line":264,"column":21},"end":{"line":264,"column":null}},"38":{"start":{"line":265,"column":4},"end":{"line":265,"column":null}},"39":{"start":{"line":266,"column":4},"end":{"line":266,"column":null}},"40":{"start":{"line":277,"column":41},"end":{"line":277,"column":null}},"41":{"start":{"line":278,"column":22},"end":{"line":278,"column":null}},"42":{"start":{"line":279,"column":4},"end":{"line":283,"column":null}},"43":{"start":{"line":282,"column":51},"end":{"line":282,"column":null}},"44":{"start":{"line":284,"column":4},"end":{"line":284,"column":null}},"45":{"start":{"line":295,"column":36},"end":{"line":295,"column":null}},"46":{"start":{"line":296,"column":17},"end":{"line":296,"column":null}},"47":{"start":{"line":297,"column":4},"end":{"line":299,"column":null}},"48":{"start":{"line":298,"column":6},"end":{"line":298,"column":null}},"49":{"start":{"line":301,"column":22},"end":{"line":301,"column":null}},"50":{"start":{"line":302,"column":4},"end":{"line":302,"column":null}},"51":{"start":{"line":303,"column":4},"end":{"line":303,"column":null}},"52":{"start":{"line":316,"column":26},"end":{"line":316,"column":null}},"53":{"start":{"line":317,"column":4},"end":{"line":317,"column":null}},"54":{"start":{"line":318,"column":4},"end":{"line":318,"column":null}},"55":{"start":{"line":335,"column":28},"end":{"line":335,"column":null}},"56":{"start":{"line":336,"column":23},"end":{"line":336,"column":null}},"57":{"start":{"line":337,"column":4},"end":{"line":337,"column":null}},"58":{"start":{"line":338,"column":4},"end":{"line":338,"column":null}},"59":{"start":{"line":339,"column":4},"end":{"line":339,"column":null}},"60":{"start":{"line":351,"column":30},"end":{"line":351,"column":null}},"61":{"start":{"line":352,"column":25},"end":{"line":352,"column":null}},"62":{"start":{"line":353,"column":26},"end":{"line":353,"column":null}},"63":{"start":{"line":354,"column":30},"end":{"line":354,"column":null}},"64":{"start":{"line":355,"column":44},"end":{"line":358,"column":null}},"65":{"start":{"line":361,"column":21},"end":{"line":367,"column":null}},"66":{"start":{"line":370,"column":24},"end":{"line":370,"column":null}},"67":{"start":{"line":371,"column":27},"end":{"line":371,"column":null}},"68":{"start":{"line":372,"column":31},"end":{"line":372,"column":null}},"69":{"start":{"line":375,"column":4},"end":{"line":385,"column":null}},"70":{"start":{"line":389,"column":21},"end":{"line":389,"column":null}},"71":{"start":{"line":391,"column":4},"end":{"line":407,"column":null}},"72":{"start":{"line":392,"column":31},"end":{"line":405,"column":null}},"73":{"start":{"line":406,"column":6},"end":{"line":406,"column":null}},"74":{"start":{"line":409,"column":4},"end":{"line":409,"column":null}},"75":{"start":{"line":413,"column":21},"end":{"line":413,"column":null}},"76":{"start":{"line":415,"column":4},"end":{"line":425,"column":null}},"77":{"start":{"line":416,"column":60},"end":{"line":416,"column":null}},"78":{"start":{"line":417,"column":6},"end":{"line":419,"column":null}},"79":{"start":{"line":418,"column":8},"end":{"line":418,"column":null}},"80":{"start":{"line":420,"column":6},"end":{"line":424,"column":null}},"81":{"start":{"line":427,"column":4},"end":{"line":427,"column":null}},"82":{"start":{"line":433,"column":21},"end":{"line":433,"column":null}},"83":{"start":{"line":435,"column":4},"end":{"line":448,"column":null}},"84":{"start":{"line":436,"column":24},"end":{"line":446,"column":null}},"85":{"start":{"line":439,"column":16},"end":{"line":445,"column":null}},"86":{"start":{"line":447,"column":6},"end":{"line":447,"column":null}},"87":{"start":{"line":450,"column":4},"end":{"line":450,"column":null}},"88":{"start":{"line":456,"column":21},"end":{"line":456,"column":null}},"89":{"start":{"line":459,"column":25},"end":{"line":459,"column":null}},"90":{"start":{"line":460,"column":26},"end":{"line":460,"column":null}},"91":{"start":{"line":462,"column":4},"end":{"line":483,"column":null}},"92":{"start":{"line":463,"column":28},"end":{"line":481,"column":null}},"93":{"start":{"line":466,"column":45},"end":{"line":477,"column":null}},"94":{"start":{"line":478,"column":10},"end":{"line":478,"column":null}},"95":{"start":{"line":482,"column":6},"end":{"line":482,"column":null}},"96":{"start":{"line":485,"column":4},"end":{"line":485,"column":null}},"97":{"start":{"line":495,"column":25},"end":{"line":495,"column":null}},"98":{"start":{"line":496,"column":26},"end":{"line":496,"column":null}},"99":{"start":{"line":499,"column":4},"end":{"line":541,"column":null}},"100":{"start":{"line":500,"column":36},"end":{"line":502,"column":null}},"101":{"start":{"line":501,"column":18},"end":{"line":501,"column":null}},"102":{"start":{"line":504,"column":26},"end":{"line":539,"column":null}},"103":{"start":{"line":507,"column":45},"end":{"line":518,"column":null}},"104":{"start":{"line":520,"column":16},"end":{"line":520,"column":null}},"105":{"start":{"line":521,"column":35},"end":{"line":521,"column":null}},"106":{"start":{"line":523,"column":10},"end":{"line":534,"column":null}},"107":{"start":{"line":524,"column":29},"end":{"line":530,"column":null}},"108":{"start":{"line":531,"column":12},"end":{"line":533,"column":null}},"109":{"start":{"line":532,"column":14},"end":{"line":532,"column":null}},"110":{"start":{"line":536,"column":10},"end":{"line":536,"column":null}},"111":{"start":{"line":540,"column":6},"end":{"line":540,"column":null}},"112":{"start":{"line":544,"column":4},"end":{"line":551,"column":null}},"113":{"start":{"line":545,"column":24},"end":{"line":549,"column":null}},"114":{"start":{"line":547,"column":21},"end":{"line":547,"column":null}},"115":{"start":{"line":547,"column":49},"end":{"line":547,"column":76}},"116":{"start":{"line":550,"column":6},"end":{"line":550,"column":null}},"117":{"start":{"line":553,"column":4},"end":{"line":553,"column":null}},"118":{"start":{"line":563,"column":4},"end":{"line":575,"column":null}},"119":{"start":{"line":579,"column":52},"end":{"line":579,"column":null}},"120":{"start":{"line":580,"column":4},"end":{"line":582,"column":null}},"121":{"start":{"line":581,"column":6},"end":{"line":581,"column":null}},"122":{"start":{"line":583,"column":4},"end":{"line":583,"column":null}},"123":{"start":{"line":587,"column":52},"end":{"line":587,"column":null}},"124":{"start":{"line":588,"column":4},"end":{"line":590,"column":null}},"125":{"start":{"line":589,"column":6},"end":{"line":589,"column":null}},"126":{"start":{"line":591,"column":4},"end":{"line":591,"column":null}},"127":{"start":{"line":595,"column":52},"end":{"line":595,"column":null}},"128":{"start":{"line":596,"column":4},"end":{"line":598,"column":null}},"129":{"start":{"line":597,"column":6},"end":{"line":597,"column":null}},"130":{"start":{"line":599,"column":4},"end":{"line":599,"column":null}},"131":{"start":{"line":613,"column":30},"end":{"line":624,"column":null}},"132":{"start":{"line":626,"column":4},"end":{"line":631,"column":null}},"133":{"start":{"line":627,"column":6},"end":{"line":630,"column":null}},"134":{"start":{"line":633,"column":4},"end":{"line":638,"column":null}},"135":{"start":{"line":634,"column":6},"end":{"line":637,"column":null}},"136":{"start":{"line":640,"column":4},"end":{"line":645,"column":null}},"137":{"start":{"line":641,"column":6},"end":{"line":644,"column":null}},"138":{"start":{"line":647,"column":4},"end":{"line":647,"column":null}}},"fnMap":{"0":{"name":"updateState","decl":{"start":{"line":59,"column":9},"end":{"line":59,"column":null}},"loc":{"start":{"line":63,"column":16},"end":{"line":65,"column":null}},"line":63},"1":{"name":"(anonymous_1)","decl":{"start":{"line":75,"column":10},"end":{"line":75,"column":39}},"loc":{"start":{"line":75,"column":60},"end":{"line":75,"column":null}},"line":75},"2":{"name":"(anonymous_2)","decl":{"start":{"line":89,"column":2},"end":{"line":89,"column":9}},"loc":{"start":{"line":89,"column":9},"end":{"line":91,"column":null}},"line":89},"3":{"name":"(anonymous_3)","decl":{"start":{"line":112,"column":10},"end":{"line":112,"column":15}},"loc":{"start":{"line":112,"column":66},"end":{"line":114,"column":null}},"line":112},"4":{"name":"(anonymous_4)","decl":{"start":{"line":123,"column":2},"end":{"line":123,"column":null}},"loc":{"start":{"line":132,"column":34},"end":{"line":136,"column":null}},"line":132},"5":{"name":"(anonymous_5)","decl":{"start":{"line":141,"column":2},"end":{"line":141,"column":null}},"loc":{"start":{"line":150,"column":34},"end":{"line":154,"co
[...]
,"column":null}},"type":"if","locations":[{"start":{"line":184,"column":2},"end":{"line":186,"column":null}},{"start":{},"end":{}}],"line":184},"24":{"loc":{"start":{"line":202,"column":4},"end":{"line":205,"column":null}},"type":"if","locations":[{"start":{"line":202,"column":4},"end":{"line":205,"column":null}},{"start":{},"end":{}}],"line":202},"25":{"loc":{"start":{"line":202,"column":8},"end":{"line":203,"column":76}},"type":"binary-expr","locations":[{"start":{"line":202,"column":8},"end":{"line":202,"column":null}},{"start":{"line":203,"column":8},"end":{"line":203,"column":76}}],"line":202},"26":{"loc":{"start":{"line":220,"column":4},"end":{"line":227,"column":null}},"type":"if","locations":[{"start":{"line":220,"column":4},"end":{"line":227,"column":null}},{"start":{},"end":{}}],"line":220},"27":{"loc":{"start":{"line":224,"column":6},"end":{"line":226,"column":null}},"type":"if","locations":[{"start":{"line":224,"column":6},"end":{"line":226,"column":null}},{"start":{},"end":{}}],"line":224},"28":{"loc":{"start":{"line":224,"column":10},"end":{"line":224,"column":54}},"type":"binary-expr","locations":[{"start":{"line":224,"column":10},"end":{"line":224,"column":21}},{"start":{"line":224,"column":21},"end":{"line":224,"column":54}}],"line":224},"29":{"loc":{"start":{"line":231,"column":2},"end":{"line":240,"column":null}},"type":"if","locations":[{"start":{"line":231,"column":2},"end":{"line":240,"column":null}},{"start":{},"end":{}}],"line":231},"30":{"loc":{"start":{"line":235,"column":6},"end":{"line":238,"column":null}},"type":"if","locations":[{"start":{"line":235,"column":6},"end":{"line":238,"column":null}},{"start":{},"end":{}}],"line":235},"31":{"loc":{"start":{"line":235,"column":10},"end":{"line":236,"column":63}},"type":"binary-expr","locations":[{"start":{"line":235,"column":10},"end":{"line":235,"column":null}},{"start":{"line":236,"column":10},"end":{"line":236,"column":63}}],"line":235},"32":{"loc":{"start":{"line":253,"column":4},"end":{"line":255,"column":null}},"type":"if","locations":[{"start":{"line":253,"column":4},"end":{"line":255,"column":null}},{"start":{},"end":{}}],"line":253},"33":{"loc":{"start":{"line":264,"column":2},"end":{"line":272,"column":null}},"type":"if","locations":[{"start":{"line":264,"column":2},"end":{"line":272,"column":null}},{"start":{"line":268,"column":2},"end":{"line":272,"column":null}}],"line":264},"34":{"loc":{"start":{"line":264,"column":6},"end":{"line":264,"column":39}},"type":"binary-expr","locations":[{"start":{"line":264,"column":6},"end":{"line":264,"column":18}},{"start":{"line":264,"column":18},"end":{"line":264,"column":39}}],"line":264},"35":{"loc":{"start":{"line":268,"column":2},"end":{"line":272,"column":null}},"type":"if","locations":[{"start":{"line":268,"column":2},"end":{"line":272,"column":null}},{"start":{},"end":{}}],"line":268},"36":{"loc":{"start":{"line":268,"column":13},"end":{"line":268,"column":54}},"type":"binary-expr","locations":[{"start":{"line":268,"column":13},"end":{"line":268,"column":29}},{"start":{"line":268,"column":29},"end":{"line":268,"column":54}}],"line":268},"37":{"loc":{"start":{"line":286,"column":2},"end":{"line":288,"column":null}},"type":"if","locations":[{"start":{"line":286,"column":2},"end":{"line":288,"column":null}},{"start":{},"end":{}}],"line":286},"38":{"loc":{"start":{"line":291,"column":2},"end":{"line":296,"column":null}},"type":"if","locations":[{"start":{"line":291,"column":2},"end":{"line":296,"column":null}},{"start":{},"end":{}}],"line":291},"39":{"loc":{"start":{"line":293,"column":4},"end":{"line":295,"column":null}},"type":"if","locations":[{"start":{"line":293,"column":4},"end":{"line":295,"column":null}},{"start":{},"end":{}}],"line":293},"40":{"loc":{"start":{"line":293,"column":8},"end":{"line":293,"column":85}},"type":"binary-expr","locations":[{"start":{"line":293,"column":8},"end":{"line":293,"column":22}},{"start":{"line":293,"column":22},"end":{"line":293,"column":47}},{"start":{"line":293,"column":47},"end":{"line":293,"column":85}}],"line":293},"41":{"loc":{"start":{"line":298,"column":2},"end":{"line":315,"column":null}},"type":"if","locations":[{"start":{"line":298,"column":2},"end":{"line":315,"column":null}},{"start":{},"end":{}}],"line":298},"42":{"loc":{"start":{"line":307,"column":6},"end":{"line":309,"column":null}},"type":"if","locations":[{"start":{"line":307,"column":6},"end":{"line":309,"column":null}},{"start":{},"end":{}}],"line":307},"43":{"loc":{"start":{"line":332,"column":2},"end":{"line":355,"column":null}},"type":"if","locations":[{"start":{"line":332,"column":2},"end":{"line":355,"column":null}},{"start":{},"end":{}}],"line":332},"44":{"loc":{"start":{"line":347,"column":6},"end":{"line":349,"column":null}},"type":"if","locations":[{"start":{"line":347,"column":6},"end":{"line":349,"column":null}},{"start":{},"end":{}}],"line":347},"45":{"loc":{"start":{"line":373,"column":2},"end":{"line":376,"column":null}},"type":"if","locations":[{"start":{"line":373,"column":2},"end":{"line":376,"column":null}},{"start":{},"end":{}}],"line":373},"46":{"loc":{"start":{"line":380,"column":4},"end":{"line":383,"column":null}},"type":"if","locations":[{"start":{"line":380,"column":4},"end":{"line":383,"column":null}},{"start":{},"end":{}}],"line":380},"47":{"loc":{"start":{"line":380,"column":8},"end":{"line":380,"column":67}},"type":"binary-expr","locations":[{"start":{"line":380,"column":8},"end":{"line":380,"column":39}},{"start":{"line":380,"column":39},"end":{"line":380,"column":67}}],"line":380},"48":{"loc":{"start":{"line":382,"column":6},"end":{"line":382,"column":null}},"type":"if","locations":[{"start":{"line":382,"column":6},"end":{"line":382,"column":null}},{"start":{},"end":{}}],"line":382},"49":{"loc":{"start":{"line":387,"column":2},"end":{"line":427,"column":null}},"type":"if","locations":[{"start":{"line":387,"column":2},"end":{"line":427,"column":null}},{"start":{},"end":{}}],"line":387},"50":{"loc":{"start":{"line":392,"column":4},"end":{"line":400,"column":null}},"type":"if","locations":[{"start":{"line":392,"column":4},"end":{"line":400,"column":null}},{"start":{},"end":{}}],"line":392},"51":{"loc":{"start":{"line":392,"column":8},"end":{"line":392,"column":81}},"type":"binary-expr","locations":[{"start":{"line":392,"column":8},"end":{"line":392,"column":42}},{"start":{"line":392,"column":42},"end":{"line":392,"column":81}}],"line":392},"52":{"loc":{"start":{"line":403,"column":4},"end":{"line":411,"column":null}},"type":"if","locations":[{"start":{"line":403,"column":4},"end":{"line":411,"column":null}},{"start":{},"end":{}}],"line":403},"53":{"loc":{"start":{"line":403,"column":8},"end":{"line":403,"column":87}},"type":"binary-expr","locations":[{"start":{"line":403,"column":8},"end":{"line":403,"column":42}},{"start":{"line":403,"column":42},"end":{"line":403,"column":87}}],"line":403},"54":{"loc":{"start":{"line":415,"column":4},"end":{"line":426,"column":null}},"type":"if","locations":[{"start":{"line":415,"column":4},"end":{"line":426,"column":null}},{"start":{},"end":{}}],"line":415},"55":{"loc":{"start":{"line":420,"column":8},"end":{"line":424,"column":null}},"type":"if","locations":[{"start":{"line":420,"column":8},"end":{"line":424,"column":null}},{"start":{},"end":{}}],"line":420},"56":{"loc":{"start":{"line":420,"column":12},"end":{"line":421,"column":80}},"type":"binary-expr","locations":[{"start":{"line":420,"column":12},"end":{"line":420,"column":null}},{"start":{"line":421,"column":12},"end":{"line":421,"column":80}}],"line":420},"57":{"loc":{"start":{"line":423,"column":10},"end":{"line":423,"column":null}},"type":"if","locations":[{"start":{"line":423,"column":10},"end":{"line":423,"column":null}},{"start":{},"end":{}}],"line":423},"58":{"loc":{"start":{"line":430,"column":2},"end":{"line":438,"column":null}},"type":"if","locations":[{"start":{"line":430,"column":2},"end":{"line":438,"column":null}},{"start":{},"end":{}}],"line":430},"59":{"loc":{"start":{"line":433,"column":6},"end":{"line":436,"column":null}},"type":"if","locations":[{"start":{"line":433,"column":6},"end":{"line":436,"column":null}},{"start":{},"end":{}}],"line":433},"60":{"loc":{"start":{"line":435,"column":8},"end":{"line":435,"column":null}},"type":"if","locations":[{"start":{"line":435,"column":8},"end":{"line":435,"column":null}},{"start":{},"end":{}}],"line":435},"61":{"loc":{"start":{"line":456,"column":2},"end":{"line":479,"column":null}},"type":"if","locations":[{"start":{"line":456,"column":2},"end":{"line":479,"column":null}},{"start":{},"end":{}}],"line":456},"62":{"loc":{"start":{"line":471,"column":6},"end":{"line":473,"column":null}},"type":"if","locations":[{"start":{"line":471,"column":6},"end":{"line":473,"column":null}},{"start":{},"end":{}}],"line":471}},"s":{"0":22,"1":22,"2":1,"3":1,"4":1,"5":21,"6":17,"7":17,"8":17,"9":12,"10":9,"11":178,"12":178,"13":178,"14":19,"15":159,"16":159,"17":2,"18":157,"19":0,"20":157,"21":6,"22":151,"23":14,"24":14,"25":2,"26":149,"27":8,"28":141,"29":178,"30":99,"31":19,"32":159,"33":159,"34":14,"35":2,"36":157,"37":0,"38":0,"39":0,"40":0,"41":0,"42":0,"43":0,"44":0,"45":0,"46":0,"47":0,"48":6,"49":9,"50":6,"51":3,"52":3,"53":3,"54":3,"55":3,"56":2,"57":1,"58":1,"59":0,"60":3,"61":6,"62":3,"63":3,"64":3,"65":6,"66":3,"67":0,"68":3,"69":3,"70":6,"71":4,"72":4,"73":4,"74":4,"75":3,"76":2,"77":2,"78":2,"79":2,"80":4,"81":2,"82":1,"83":14,"84":14,"85":4,"86":2,"87":12,"88":8,"89":7,"90":7,"91":7,"92":1,"93":1,"94":1,"95":1,"96":0,"97":33,"98":33,"99":1,"100":33,"101":1,"102":1,"103":1,"104":33,"105":32,"106":32,"107":58,"108":58,"109":58,"110":58,"111":57,"112":58,"113":32,"114":1,"115":11,"116":11,"117":10,"118":10,"119":14,"120":14,"121":14,"122":14,"123":11,"124":14,"125":10,"126":1,"127":48,"128":48,"129":0,"130":0,"131":48,"132":22,"133":10,"134":10,"135":10,"136":38,"137":9,"138":9,"139":18,"140":9,"141":1,"142":8,"143":0,"144":8,"145":11,"146":8,"147":3,"148":6,"149":3,"150":3,"151":3,"152":6,"153":3,"154":3,"155":3,"156":34,"157":3,"158":3,"159":3,"160":3,"161":3,"162":3,"163":31,"164":26,"165":26,"166":25,"167":25,"168":28,"169":28,"170":28,"171":28,"172":25,"173":28,"174":25,"175":1},"f":{"0":22,"1":17,"2":178,"3":178,"4":159,"5":0,"6":6,"7":9,"8":3,"9":6,"10":6,"11":3,"12":4,"13":4,"14":14,"15":8,"16":33,"17":11,"18":48,"19":18,"20":11,"21":6,"22":6,"23":26},"b":{"0":[1,21],"1":[1,0],"2":[17,4],"3":[12,5],"4":[17,13,12],"5":[19,159],"6":[2,157],"7":[0,157],"8":[6,151],"9":[14,137],"10":[2,12],"11":[8,141],"12":[19,80],"13":[99,85],"14":[2,12],"15":[14,12],"16":[0,0],"17":[0,0],"18":[0,0],"19":[0,0],"20":[3,3],"21":[3,0],"22":[2,1],"23":[1,0],"24":[3,0],"25":[3,3],"26":[4,2],"27":[4,0],"28":[4,4],"29":[2,1],"30":[2,0],"31":[2,2],"32":[2,2],"33":[7,1],"34":[8,8],"35":[1,0],"36":[1,1],"37":[1,32],"38":[1,32],"39":[1,0],"40":[1,1,1],"41":[32,1],"42":[57,1],"43":[10,1],"44":[11,3],"45":[0,48],"46":[10,12],"47":[22,12],"48":[10,0],"49":[9,29],"50":[1,8],"51":[9,6],"52":[0,8],"53":[8,5],"54":[3,5],"55":[3,0],"56":[3,3],"57":[3,0],"58":[3,31],"59":[3,0],"60":[3,0],"61":[25,1],"62":[25,3]},"meta":{"lastBranch":63,"lastFunction":24,"lastStatement":176,"seen":{"f:30:16:30:30":0,"s:31:14:31:Infinity":0,"b:34:2:39:Infinity:undefined:undefined:undefined:undefined":0,"s:34:2:39:Infinity":1,"s:35:23:35:Infinity":2,"b:36:4:38:Infinity:undefined:undefined:undefined:undefined":1,"s:36:4:38:Infinity":3,"s:37:6:37:Infinity":4,"b:42:2:49:Infinity:undefined:undefined:undefined:undefined":2,"s:42:2:49:Infinity":5,"s:43:21:45:Infinity":6,"f:44:6:44:7":1,"s:44:18:44:Infinity":7,"b:46:4:48:Infinity:undefined:undefined:undefined:undefined":3,"s:46:4:48:Infinity":8,"b:46:8:46:19:46:19:46:54:46:54:46:96":4,"s:47:6:47:Infinity":9,"s:51:2:51:Infinity":10,"f:73:16:73:Infinity":2,"s:77:14:77:Infinity":11,"s:80:25:80:Infinity":12,"b:81:2:81:Infinity:undefined:undefined:undefined:undefined":5,"s:81:2:81:Infinity":13,"s:81:22:81:Infinity":14,"s:84:30:84:Infinity":15,"b:85:2:85:Infinity:undefined:undefined:undefined:undefined":6,"s:85:2:85:Infinity":16,"s:85:27:85:Infinity":17,"b:88:2:90:Infinity:undefined:undefined:undefined:undefined":7,"s:88:2:90:Infinity":18,"s:89:4:89:Infinity":19,"b:93:2:95:Infinity:undefined:undefined:undefined:undefined":8,"s:93:2:95:Infinity":20,"s:94:4:94:Infinity":21,"b:98:2:101:Infinity:undefined:undefined:undefined:undefined":9,"s:98:2:101:Infinity":22,"s:99:21:99:Infinity":23,"b:100:4:100:Infinity:undefined:undefined:undefined:undefined":10,"s:100:4:100:Infinity":24,"s:100:18:100:Infinity":25,"b:104:2:106:Infinity:undefined:undefined:undefined:undefined":11,"s:104:2:106:Infinity":26,"s:105:4:105:Infinity":27,"s:109:2:109:Infinity":28,"f:115:9:115:Infinity":3,"s:120:2:124:Infinity":29,"b:121:4:123:Infinity:undefined:undefined:undefined:undefined":12,"s:121:4:123:Infinity":30,"b:121:8:121:37:121:37:121:65":13,"s:122:6:122:Infinity":31,"s:125:2:125:Infinity":32,"f:131:9:131:Infinity":4,"s:136:2:140:Infinity":33,"b:137:4:139:Infinity:undefined:undefined:undefined:undefined":14,"s:137:4:139:Infinity":34,"b:137:8:137:42:137:42:137:75":15,"s:138:6:138:Infinity":35,"s:141:2:141:Infinity":36,"f:147:9:147:33":5,"s:148:16:148:Infinity":37,"b:151:2:161:Infinity:undefined:undefined:undefined:undefined":16,"s:151:2:161:Infinity":38,"b:152:4:160:Infinity:156:4:160:Infinity":17,"s:152:4:160:Infinity":39,"b:152:8:152:22:152:22:152:45":18,"s:153:28:153:Infinity":40,"s:154:26:154:Infinity":41,"s:155:6:155:Infinity":42,"b:156:4:160:Infinity:undefined:undefined:undefined:undefined":19,"s:156:4:160:Infinity":43,"s:157:28:157:Infinity":44,"s:158:26:158:Infinity":45,"s:159:6:159:Infinity":46,"s:164:2:164:Infinity":47,"f:170:9:170:24":6,"s:171:22:171:Infinity":48,"f:171:38:171:39":7,"s:171:50:171:70":49,"b:173:2:181:Infinity:177:9:181:Infinity":20,"s:173:2:181:Infinity":50,"s:175:21:175:Infinity":51,"b:176:4:176:Infinity:undefined:undefined:undefined:undefined":21,"s:176:4:176:Infinity":52,"s:176:18:176:Infinity":53,"s:179:22:179:Infinity":54,"b:180:4:180:Infinity:undefined:undefined:undefined:undefined":22,"s:180:4:180:Infinity":55,"s:180:19:180:Infinity":56,"b:184:2:186:Infinity:undefined:undefined:undefined:undefined":23,"s:184:2:186:Infinity":57,"s:185:4:185:Infinity":58,"s:188:2:188:Infinity":59,"f:194:9:194:Infinity":8,"s:198:24:198:Infinity":60,"f:198:34:198:35":9,"s:198:46:198:63":61,"s:200:2:206:Infinity":62,"s:201:23:201:Infinity":63,"b:202:4:205:Infinity:undefined:undefined:undefined:undefined":24,"s:202:4:205:Infinity":64,"b:202:8:202:Infinity:203:8:203:76":25,"f:203:28:203:29":10,"s:203:54:203:73":65,"s:204:6:204:Infinity":66,"s:207:2:207:Infinity":67,"f:213:9:213:Infinity":11,"s:218:31:218:Infinity":68,"s:219:2:228:Infinity":69,"b:220:4:227:Infinity:undefined:undefined:undefined:undefined":26,"s:220:4:227:Infinity":70,"s:221:22:223:Infinity":71,"f:222:8:222:9":12,"s:222:20:222:Infinity":72,"b:224:6:226:Infinity:undefined:undefined:undefined:undefined":27,"s:224:6:226:Infinity":73,"b:224:10:224:21:224:21:224:54":28,"s:225:8:225:Infinity":74,"b:231:2:240:Infinity:undefined:undefined:undefined:undefined":29,"s:231:2:240:Infinity":75,"s:232:4:239:Infinity":76,"s:233:25:233:Infinity":77,"s:234:25:234:Infinity":78,"b:235:6:238:Infinity:undefined:undefined:undefined:undefined":30,"s:235:6:238:Infinity":79,"b:235:10:235:Infinity:236:10:236:63":31,"f:236:27:236:28":13,"s:236:39:236:60":80,"s:237:8:237:Infinity":81,"s:241:2:241:Infinity":82,"f:247:9:247:Infinity":14,"s:251:23:251:Infinity":83,"s:252:2:256:Infinity":84,"b:253:4:255:Infinity:undefined:undefined:undefined:undefined":32,"s:253:4:255:Infinity":85,"s:254:6:254:Infinity":86,"s:257:2:257:Infinity":87,"f:263:9:263:28":15,"b:264:2:272:Infinity:268:2:272:Infinity":33,"s:264:2:272:Infinity":88,"b:264:6:264:18:264:18:264:39":34,"s:265:26:265:Infinity":89,"s:266:24:266:Infinity":90,"s:267:4:267:Infinity":91,"b:268:2:272:Infinity:undefined:undefined:undefined:undefined":35,"s:268:2:272:Infinity":92,"b:268:13:268:29:268:29:268:54":36,"s:269:26:269:Infinity":93,"s:270:24:270:Infinity":94,"s:271:4:271:Infinity":95,"s:273:2:273:Infinity":96,"f:279:16:279:Infinity":16,"s:283:12:283:Infinity":97,"b:286:2:288:Infinity:undefined:undefined:undefined:undefined":37,"s:286:2:288:Infinity":98,"s:287:4:287:Infinity":99,"b:291:2:296:Infinity:undefined:undefined:undefined:undefined":38,"s:291:2:296:Infinity":100,"s:292:24:292:Infinity":101,"b:293:4:295:Infinity:undefined:undefined:undefined:undefined":39,"s:293:4:295:Infinity":102,"b:293:8:293:22:293:22:293:47:293:47:293:85":40,"s:294:6:294:Infinity":103,"b:298:2:315:Infinity:undefined:undefined:undefined:undefined":41,"s:298:2:315:Infinity":104,"s:299:52:299:Infinity":105,"s:301:4:312:Infinity":106,"s:302:24:302:Infinity":107,"s:303:26:303:Infinity":108,"s:304:22:304:Infinity":109,"b:307:6:309:Infinity:undefined:undefined:undefined:undefined":42,"s:307:6:309:Infinity":110,"s:308:8:308:Infinity":111,"s:311:6:311:Infinity":112,"s:314:4:314:Infinity":113,"s:317:2:317:Infinity":114,"f:323:16:323:Infinity":17,"s:330:14:330:Infinity":115,"b:332:2:355:Infinity:undefined:undefined:undefined:undefined":43,"s:332:2:355:Infinity":116,"s:333:47:333:Infinity":117,"s:335:4:352:Infinity":118,"s:336:24:336:Infinity":119,"s:337:26:337:Infinity":120,"s:338:22:344:Infinity":121,"b:347:6:349:Infinity:undefined:undefined:undefined:undefined":44,"s:347:6:349:Infinity":122,"s:348:8:348:Infinity":123,"s:351:6:351:Infinity":124,"s:354:4:354:Infinity":125,"s:357:2:357:Infinity":126,"f:363:16:363:Infinity":18,"s:370:14:370:Infinity":127,"b:373:2:376:Infinity:undefined:undefined:undefined:undefined":45,"s:373:2:376:Infinity":128,"s:374:19:374:Infinity":129,"s:375:4:375:Infinity":130,"s:379:2:384:Infinity":131,"b:380:4:383:Infinity:undefined:undefined:undefined:undefined":46,"s:380:4:383:Infinity":132,"b:380:8:380:39:380:39:380:67":47,"s:381:21:381:Infinity":133,"b:382:6:382:Infinity:undefined:undefined:undefined:undefined":48,"s:382:6:382:Infinity":134,"s:382:18:382:Infinity":135,"b:387:2:427:Infinity:undefined:undefined:undefined:undefined":49,"s:387:2:427:Infinity":136,"s:388:21:388:Infinity":137,"s:391:30:391:Infinity":138,"f:391:52:391:53":19,"s:391:64:391:93":139,"b:392:4:400:Infinity:undefined:undefined:undefined:undefined":50,"s:392:4:400:Infinity":140,"b:392:8:392:42:392:42:392:81":51,"s:393:6:399:Infinity":141,"b:403:4:411:Infinity:undefined:undefined:undefined:undefined":52,"s:403:4:411:Infinity":142,"b:403:8:403:42:403:42:403:87":53,"s:404:6:410:Infinity":143,"s:413:24:413:Infinity":144,"f:413:45:413:46":20,"s:413:57:413:77":145,"b:415:4:426:Infinity:undefined:undefined:undefined:undefined":54,"s:415:4:426:Infinity":146,"s:416:28:416:Infinity":147,"f:416:47:416:48":21,"s:416:59:416:76":148,"s:418:6:425:Infinity":149,"s:419:27:419:Infinity":150,"b:420:8:424:Infinity:undefined:undefined:undefined:undefined":55,"s:420:8:424:Infinity":151,"b:420:12:420:Infinity:421:12:421:80":56,"f:421:32:421:33":22,"s:421:58:421:77":152,"s:422:25:422:Infinity":153,"b:423:10:423:Infinity:undefined:undefined:undefined:undefined":57,"s:423:10:423:Infinity":154,"s:423:22:423:Infinity":155,"b:430:2:438:Infinity:undefined:undefined:undefined:undefined":58,"s:430:2:438:Infinity":156,"s:431:25:431:Infinity":157,"s:432:4:437:Infinity":158,"b:433:6:436:Infinity:undefined:undefined:undefined:undefined":59,"s:433:6:436:Infinity":159,"s:434:23:434:Infinity":160,"b:435:8:435:Infinity:undefined:undefined:undefined:undefined":60,"s:435:8:435:Infinity":161,"s:435:20:435:Infinity":162,"s:441:2:441:Infinity":163,"f:447:16:447:Infinity":23,"s:454:14:454:Infinity":164,"b:456:2:479:Infinity:undefined:undefined:undefined:undefined":61,"s:456:2:479:Infinity":165,"s:457:48:457:Infinity":166,"s:459:4:476:Infinity":167,"s:460:24:460:Infinity":168,"s:461:26:461:Infinity":169,"s:462:22:468:Infinity":170,"b:471:6:473:Infinity:undefined:undefined:undefined:undefined":62,"s:471:6:473:Infinity":171,"s:472:8:472:Infinity":172,"s:475:6:475:Infinity":173,"s:478:4:478:Infinity":174,"s:482:2:482:Infinity":175}}}
}
