TN:
SF:src/context.ts
FN:22,(anonymous_0)
FNF:1
FNH:1
FNDA:5,(anonymous_0)
DA:15,1
DA:22,1
DA:25,5
LF:3
LH:3
BRF:0
BRH:0
end_of_record
TN:
SF:src/error.ts
FNF:0
FNH:0
LF:0
LH:0
BRF:0
BRH:0
end_of_record
TN:
SF:src/loader.ts
FN:102,single
FN:125,grouped
FN:151,(anonymous_2)
FN:161,(anonymous_3)
FN:165,(anonymous_4)
FN:180,(anonymous_5)
FN:184,(anonymous_6)
FN:186,(anonymous_7)
FN:194,(anonymous_8)
FN:199,(anonymous_9)
FN:202,(anonymous_10)
FN:210,(anonymous_11)
FN:215,(anonymous_12)
FN:218,(anonymous_13)
FN:233,createDataLoader
FN:236,(anonymous_15)
FN:241,(anonymous_16)
FN:246,(anonymous_17)
FN:247,(anonymous_18)
FN:255,(anonymous_19)
FN:269,(anonymous_20)
FN:301,define
FN:315,mapByKey
FN:324,(anonymous_23)
FN:331,groupByKey
FNF:25
FNH:25
FNDA:20,single
FNDA:8,grouped
FNDA:21,(anonymous_2)
FNDA:18,(anonymous_3)
FNDA:18,(anonymous_4)
FNDA:2,(anonymous_5)
FNDA:2,(anonymous_6)
FNDA:2,(anonymous_7)
FNDA:6,(anonymous_8)
FNDA:6,(anonymous_9)
FNDA:6,(anonymous_10)
FNDA:3,(anonymous_11)
FNDA:3,(anonymous_12)
FNDA:3,(anonymous_13)
FNDA:19,createDataLoader
FNDA:19,(anonymous_15)
FNDA:13,(anonymous_16)
FNDA:15,(anonymous_17)
FNDA:16,(anonymous_18)
FNDA:3,(anonymous_19)
FNDA:4,(anonymous_20)
FNDA:21,define
FNDA:5,mapByKey
FNDA:8,(anonymous_23)
FNDA:5,groupByKey
DA:106,20
DA:129,8
DA:144,21
DA:151,21
DA:152,21
DA:162,18
DA:163,18
DA:166,18
DA:168,18
DA:169,19
DA:172,18
DA:183,2
DA:184,2
DA:185,2
DA:186,2
DA:198,6
DA:199,6
DA:200,6
DA:201,6
DA:202,6
DA:214,3
DA:215,3
DA:216,3
DA:217,3
DA:218,3
DA:220,3
DA:221,4
DA:222,1
DA:225,2
DA:236,19
DA:238,19
DA:240,19
DA:241,15
DA:242,13
DA:246,12
DA:247,16
DA:248,15
DA:249,13
DA:252,15
DA:255,4
DA:256,3
DA:260,3
DA:261,3
DA:262,4
DA:264,3
DA:265,5
DA:266,5
DA:267,5
DA:269,4
DA:271,4
DA:304,21
DA:320,5
DA:321,5
DA:322,6
DA:324,8
DA:336,5
DA:337,5
DA:338,8
DA:340,5
DA:341,7
DA:342,7
DA:343,7
DA:345,5
DA:352,1
LF:64
LH:64
BRDA:221,0,0,1
BRDA:221,0,1,3
BRDA:240,1,0,15
BRDA:240,1,1,4
BRDA:248,2,0,2
BRDA:248,2,1,13
BRDA:267,3,0,5
BRDA:267,3,1,0
BRDA:269,4,0,4
BRDA:269,4,1,0
BRDA:324,5,0,8
BRDA:324,5,1,4
BRDA:343,6,0,5
BRDA:343,6,1,2
BRF:14
BRH:12
end_of_record
TN:
SF:src/schema-mapping.ts
FN:22,(anonymous_0)
FN:47,(anonymous_1)
FN:129,(anonymous_2)
FN:221,(anonymous_3)
FN:270,(anonymous_4)
FNF:5
FNH:5
FNDA:23,(anonymous_0)
FNDA:225,(anonymous_1)
FNDA:77,(anonymous_2)
FNDA:6,(anonymous_3)
FNDA:9,(anonymous_4)
DA:22,6
DA:24,23
DA:25,21
DA:29,21
DA:30,21
DA:32,21
DA:33,21
DA:34,18
DA:39,3
DA:41,2
DA:47,6
DA:48,225
DA:51,225
DA:52,67
DA:53,64
DA:56,61
DA:57,11
DA:58,9
DA:61,2
DA:65,50
DA:66,20
DA:67,4
DA:69,2
DA:71,2
DA:75,30
DA:76,7
DA:77,7
DA:78,5
DA:79,5
DA:84,25
DA:85,13
DA:87,13
DA:88,23
DA:89,23
DA:90,23
DA:93,23
DA:94,18
DA:97,23
DA:101,13
DA:103,13
DA:110,12
DA:111,0
DA:115,12
DA:116,9
DA:117,9
DA:118,9
DA:123,3
DA:129,6
DA:130,77
DA:133,77
DA:134,35
DA:135,34
DA:138,33
DA:139,9
DA:140,9
DA:143,0
DA:147,24
DA:148,0
DA:149,0
DA:151,0
DA:153,0
DA:157,24
DA:158,5
DA:159,5
DA:160,3
DA:161,3
DA:166,21
DA:167,8
DA:169,8
DA:170,10
DA:171,10
DA:172,10
DA:175,10
DA:176,8
DA:179,10
DA:182,8
DA:184,8
DA:191,13
DA:192,1
DA:196,12
DA:197,10
DA:198,10
DA:199,10
DA:204,2
DA:221,6
DA:226,6
DA:228,6
DA:229,5
DA:232,5
DA:233,15
DA:234,15
DA:235,15
DA:238,15
DA:239,13
DA:242,15
DA:246,5
DA:247,2
DA:248,2
DA:258,5
DA:264,1
DA:270,6
DA:273,9
DA:275,9
DA:276,7
DA:278,7
DA:279,10
DA:280,10
DA:281,10
DA:284,10
DA:285,7
DA:288,10
DA:291,7
DA:294,2
LF:113
LH:107
BRDA:24,0,0,21
BRDA:24,0,1,2
BRDA:30,1,0,21
BRDA:30,1,1,0
BRDA:33,2,0,18
BRDA:33,2,1,3
BRDA:33,3,0,21
BRDA:33,3,1,18
BRDA:51,4,0,158
BRDA:51,4,1,67
BRDA:52,5,0,3
BRDA:52,5,1,64
BRDA:53,6,0,3
BRDA:53,6,1,61
BRDA:56,7,0,11
BRDA:56,7,1,50
BRDA:57,8,0,9
BRDA:57,8,1,2
BRDA:65,9,0,20
BRDA:65,9,1,30
BRDA:66,10,0,16
BRDA:66,10,1,4
BRDA:67,11,0,2
BRDA:67,11,1,2
BRDA:69,12,0,1
BRDA:69,12,1,1
BRDA:71,13,0,2
BRDA:71,13,1,0
BRDA:75,14,0,7
BRDA:75,14,1,23
BRDA:77,15,0,5
BRDA:77,15,1,2
BRDA:84,16,0,13
BRDA:84,16,1,12
BRDA:93,17,0,18
BRDA:93,17,1,5
BRDA:101,18,0,13
BRDA:101,18,1,13
BRDA:110,19,0,0
BRDA:110,19,1,12
BRDA:115,20,0,9
BRDA:115,20,1,3
BRDA:117,21,0,9
BRDA:117,21,1,0
BRDA:133,22,0,42
BRDA:133,22,1,35
BRDA:134,23,0,1
BRDA:134,23,1,34
BRDA:135,24,0,1
BRDA:135,24,1,33
BRDA:138,25,0,9
BRDA:138,25,1,24
BRDA:139,26,0,9
BRDA:139,26,1,0
BRDA:147,27,0,0
BRDA:147,27,1,24
BRDA:148,28,0,0
BRDA:148,28,1,0
BRDA:149,29,0,0
BRDA:149,29,1,0
BRDA:151,30,0,0
BRDA:151,30,1,0
BRDA:153,31,0,0
BRDA:153,31,1,0
BRDA:157,32,0,5
BRDA:157,32,1,19
BRDA:159,33,0,3
BRDA:159,33,1,2
BRDA:166,34,0,8
BRDA:166,34,1,13
BRDA:175,35,0,8
BRDA:175,35,1,2
BRDA:182,36,0,8
BRDA:182,36,1,8
BRDA:191,37,0,1
BRDA:191,37,1,12
BRDA:196,38,0,10
BRDA:196,38,1,2
BRDA:198,39,0,10
BRDA:198,39,1,0
BRDA:228,40,0,5
BRDA:228,40,1,1
BRDA:238,41,0,13
BRDA:238,41,1,2
BRDA:246,42,0,2
BRDA:246,42,1,3
BRDA:275,43,0,7
BRDA:275,43,1,2
BRDA:284,44,0,7
BRDA:284,44,1,3
BRF:90
BRH:75
end_of_record
TN:
SF:src/builder/execute.ts
FN:11,(anonymous_0)
FN:14,(anonymous_1)
FN:19,(anonymous_2)
FN:25,(anonymous_3)
FN:32,(anonymous_4)
FNF:5
FNH:4
FNDA:10,(anonymous_0)
FNDA:10,(anonymous_1)
FNDA:10,(anonymous_2)
FNDA:10,(anonymous_3)
FNDA:0,(anonymous_4)
DA:11,1
DA:14,10
DA:19,10
DA:21,10
DA:24,10
DA:25,10
DA:32,0
DA:35,10
LF:8
LH:7
BRF:0
BRH:0
end_of_record
TN:
SF:src/builder/field-builders.ts
FN:33,applyDirectives
FN:53,buildField
FN:59,(anonymous_2)
FN:88,buildObjectField
FN:94,(anonymous_4)
FN:129,buildSubscriptionField
FN:137,(anonymous_6)
FN:157,(anonymous_7)
FN:161,(anonymous_8)
FN:187,streamToAsyncIterator
FN:197,(anonymous_10)
FN:208,(anonymous_11)
FN:216,(anonymous_12)
FN:218,(anonymous_13)
FN:242,(anonymous_14)
FNF:15
FNH:14
FNDA:21,applyDirectives
FNDA:78,buildField
FNDA:14,(anonymous_2)
FNDA:9,buildObjectField
FNDA:3,(anonymous_4)
FNDA:13,buildSubscriptionField
FNDA:4,(anonymous_6)
FNDA:2,(anonymous_7)
FNDA:1,(anonymous_8)
FNDA:4,streamToAsyncIterator
FNDA:6,(anonymous_10)
FNDA:5,(anonymous_11)
FNDA:0,(anonymous_12)
FNDA:6,(anonymous_13)
FNDA:1,(anonymous_14)
DA:38,21
DA:40,4
DA:41,4
DA:42,5
DA:43,5
DA:44,4
DA:47,4
DA:57,78
DA:60,14
DA:65,14
DA:69,78
DA:70,14
DA:78,78
DA:79,3
DA:82,78
DA:92,9
DA:95,3
DA:100,3
DA:104,9
DA:105,2
DA:113,9
DA:114,1
DA:117,9
DA:133,13
DA:139,4
DA:142,4
DA:148,4
DA:151,4
DA:158,2
DA:159,2
DA:161,1
DA:164,13
DA:165,2
DA:173,13
DA:174,1
DA:177,13
DA:194,4
DA:195,4
DA:197,4
DA:198,6
DA:199,3
DA:201,3
DA:206,3
DA:208,5
DA:215,4
DA:216,0
DA:219,6
DA:221,6
DA:222,1
DA:225,5
DA:226,5
DA:230,5
DA:231,2
DA:232,2
DA:235,3
DA:237,0
DA:238,0
DA:244,1
DA:245,1
DA:246,1
DA:247,1
DA:250,1
DA:257,1
LF:63
LH:60
BRDA:38,0,0,17
BRDA:38,0,1,4
BRDA:43,1,0,4
BRDA:43,1,1,1
BRDA:44,2,0,4
BRDA:44,2,1,3
BRDA:69,3,0,14
BRDA:69,3,1,64
BRDA:78,4,0,3
BRDA:78,4,1,75
BRDA:104,5,0,2
BRDA:104,5,1,7
BRDA:113,6,0,1
BRDA:113,6,1,8
BRDA:156,7,0,2
BRDA:156,7,1,1
BRDA:164,8,0,2
BRDA:164,8,1,11
BRDA:173,9,0,1
BRDA:173,9,1,12
BRDA:198,10,0,3
BRDA:198,10,1,3
BRDA:221,11,0,1
BRDA:221,11,1,5
BRDA:230,12,0,2
BRDA:230,12,1,3
BRDA:245,13,0,1
BRDA:245,13,1,0
BRF:28
BRH:27
end_of_record
TN:
SF:src/builder/pipe-api.ts
FN:11,(anonymous_0)
FN:23,(anonymous_1)
FN:30,(anonymous_2)
FN:34,(anonymous_3)
FN:40,(anonymous_4)
FN:44,(anonymous_5)
FN:50,(anonymous_6)
FN:54,(anonymous_7)
FN:61,(anonymous_8)
FN:65,(anonymous_9)
FN:78,(anonymous_10)
FN:84,(anonymous_11)
FN:90,(anonymous_12)
FN:99,(anonymous_13)
FN:105,(anonymous_14)
FN:114,(anonymous_15)
FN:135,(anonymous_16)
FN:145,(anonymous_17)
FN:151,(anonymous_18)
FN:161,(anonymous_19)
FN:167,(anonymous_20)
FN:168,(anonymous_21)
FN:169,(anonymous_22)
FNF:23
FNH:23
FNDA:7,(anonymous_0)
FNDA:7,(anonymous_1)
FNDA:1,(anonymous_2)
FNDA:1,(anonymous_3)
FNDA:2,(anonymous_4)
FNDA:2,(anonymous_5)
FNDA:1,(anonymous_6)
FNDA:1,(anonymous_7)
FNDA:2,(anonymous_8)
FNDA:2,(anonymous_9)
FNDA:2,(anonymous_10)
FNDA:2,(anonymous_11)
FNDA:16,(anonymous_12)
FNDA:16,(anonymous_13)
FNDA:4,(anonymous_14)
FNDA:4,(anonymous_15)
FNDA:1,(anonymous_16)
FNDA:1,(anonymous_17)
FNDA:2,(anonymous_18)
FNDA:2,(anonymous_19)
FNDA:3,(anonymous_20)
FNDA:3,(anonymous_21)
FNDA:4,(anonymous_22)
DA:11,1
DA:23,7
DA:24,7
DA:30,1
DA:34,1
DA:35,1
DA:40,1
DA:44,2
DA:45,2
DA:50,1
DA:54,1
DA:55,1
DA:61,1
DA:65,2
DA:66,2
DA:78,1
DA:84,2
DA:85,2
DA:90,1
DA:99,16
DA:100,16
DA:105,1
DA:114,4
DA:115,4
DA:135,1
DA:145,1
DA:146,1
DA:151,1
DA:161,2
DA:162,2
DA:167,1
DA:168,3
DA:169,4
LF:33
LH:33
BRF:0
BRH:0
end_of_record
TN:
SF:src/builder/schema-builder.ts
FN:59,updateState
FN:75,(anonymous_1)
FN:89,(anonymous_2)
FN:112,(anonymous_3)
FN:123,(anonymous_4)
FN:141,(anonymous_5)
FN:173,(anonymous_6)
FN:192,(anonymous_7)
FN:234,(anonymous_8)
FN:249,(anonymous_9)
FN:258,(anonymous_10)
FN:272,(anonymous_11)
FN:282,(anonymous_12)
FN:290,(anonymous_13)
FN:309,(anonymous_14)
FN:324,(anonymous_15)
FN:349,(anonymous_16)
FN:388,(anonymous_17)
FN:412,(anonymous_18)
FN:430,(anonymous_19)
FN:439,(anonymous_20)
FN:453,(anonymous_21)
FN:465,(anonymous_22)
FN:488,(anonymous_23)
FN:501,(anonymous_24)
FN:506,(anonymous_25)
FN:547,(anonymous_26)
FN:547,(anonymous_27)
FN:556,(anonymous_28)
FN:578,(anonymous_29)
FN:586,(anonymous_30)
FN:594,(anonymous_31)
FN:602,(anonymous_32)
FNF:33
FNH:31
FNDA:108,updateState
FNDA:134,(anonymous_1)
FNDA:18,(anonymous_2)
FNDA:131,(anonymous_3)
FNDA:57,(anonymous_4)
FNDA:10,(anonymous_5)
FNDA:4,(anonymous_6)
FNDA:24,(anonymous_7)
FNDA:6,(anonymous_8)
FNDA:0,(anonymous_9)
FNDA:9,(anonymous_10)
FNDA:4,(anonymous_11)
FNDA:0,(anonymous_12)
FNDA:8,(anonymous_13)
FNDA:7,(anonymous_14)
FNDA:5,(anonymous_15)
FNDA:58,(anonymous_16)
FNDA:58,(anonymous_17)
FNDA:58,(anonymous_18)
FNDA:58,(anonymous_19)
FNDA:6,(anonymous_20)
FNDA:58,(anonymous_21)
FNDA:4,(anonymous_22)
FNDA:58,(anonymous_23)
FNDA:4,(anonymous_24)
FNDA:21,(anonymous_25)
FNDA:3,(anonymous_26)
FNDA:6,(anonymous_27)
FNDA:63,(anonymous_28)
FNDA:58,(anonymous_29)
FNDA:58,(anonymous_30)
FNDA:58,(anonymous_31)
FNDA:58,(anonymous_32)
DA:64,108
DA:75,134
DA:90,18
DA:96,3
DA:113,131
DA:133,57
DA:134,57
DA:135,57
DA:151,10
DA:152,10
DA:153,10
DA:184,4
DA:185,4
DA:186,4
DA:205,24
DA:206,24
DA:207,24
DA:208,1
DA:211,23
DA:212,23
DA:214,23
DA:215,23
DA:216,1
DA:217,1
DA:218,1
DA:219,1
DA:221,1
DA:224,23
DA:239,6
DA:240,6
DA:241,6
DA:242,1
DA:245,5
DA:246,5
DA:249,0
DA:252,6
DA:263,9
DA:264,9
DA:265,9
DA:266,9
DA:277,4
DA:278,4
DA:279,4
DA:282,0
DA:284,4
DA:295,8
DA:296,8
DA:297,8
DA:298,1
DA:301,7
DA:302,7
DA:303,7
DA:316,7
DA:317,7
DA:318,7
DA:335,5
DA:336,5
DA:337,5
DA:338,5
DA:339,5
DA:351,58
DA:352,58
DA:353,58
DA:354,58
DA:355,58
DA:361,58
DA:370,58
DA:371,58
DA:372,58
DA:375,58
DA:389,58
DA:391,58
DA:392,6
DA:406,6
DA:409,58
DA:413,58
DA:415,58
DA:416,8
DA:417,8
DA:418,14
DA:420,8
DA:427,58
DA:433,58
DA:435,58
DA:436,6
DA:439,6
DA:447,6
DA:450,58
DA:456,58
DA:459,58
DA:460,58
DA:462,58
DA:463,4
DA:466,4
DA:478,4
DA:482,4
DA:485,58
DA:495,58
DA:496,58
DA:499,58
DA:500,21
DA:501,4
DA:504,21
DA:507,21
DA:520,21
DA:521,21
DA:523,21
DA:524,5
DA:531,5
DA:532,5
DA:536,21
DA:540,21
DA:544,58
DA:545,3
DA:547,6
DA:550,3
DA:553,58
DA:563,63
DA:579,58
DA:580,58
DA:581,55
DA:583,58
DA:587,58
DA:588,58
DA:589,9
DA:591,58
DA:595,58
DA:596,58
DA:597,3
DA:599,58
DA:613,58
DA:626,58
DA:627,49
DA:633,58
DA:634,9
DA:640,58
DA:641,3
DA:647,58
LF:138
LH:136
BRDA:206,0,0,24
BRDA:206,0,1,11
BRDA:207,1,0,1
BRDA:207,1,1,23
BRDA:215,2,0,1
BRDA:215,2,1,22
BRDA:240,3,0,6
BRDA:240,3,1,1
BRDA:241,4,0,1
BRDA:241,4,1,5
BRDA:249,5,0,5
BRDA:249,5,1,0
BRDA:282,6,0,4
BRDA:282,6,1,0
BRDA:296,7,0,8
BRDA:296,7,1,1
BRDA:297,8,0,1
BRDA:297,8,1,7
BRDA:336,9,0,5
BRDA:336,9,1,5
BRDA:396,10,0,1
BRDA:396,10,1,5
BRDA:500,11,0,21
BRDA:500,11,1,17
BRDA:523,12,0,5
BRDA:523,12,1,16
BRDA:538,13,0,4
BRDA:538,13,1,17
BRDA:621,14,0,6
BRDA:621,14,1,52
BRDA:626,15,0,49
BRDA:626,15,1,9
BRDA:633,16,0,9
BRDA:633,16,1,49
BRDA:640,17,0,3
BRDA:640,17,1,55
BRF:36
BRH:34
end_of_record
TN:
SF:src/builder/type-registry.ts
FN:30,getSchemaName
FN:44,(anonymous_1)
FN:73,toGraphQLTypeWithRegistry
FN:115,findRegisteredType
FN:131,findRegisteredInterface
FN:147,handleTransformationAST
FN:170,handleUnionAST
FN:171,(anonymous_7)
FN:194,findEnumForLiteralUnion
FN:198,(anonymous_9)
FN:203,(anonymous_10)
FN:213,findRegisteredUnion
FN:222,(anonymous_12)
FN:236,(anonymous_13)
FN:247,findEnumForLiteral
FN:263,handleTupleTypeAST
FN:279,schemaToFields
FN:323,schemaToInputFields
FN:363,toGraphQLInputTypeWithRegistry
FN:391,(anonymous_19)
FN:413,(anonymous_20)
FN:416,(anonymous_21)
FN:421,(anonymous_22)
FN:447,toGraphQLArgsWithRegistry
FNF:24
FNH:23
FNDA:22,getSchemaName
FNDA:17,(anonymous_1)
FNDA:178,toGraphQLTypeWithRegistry
FNDA:178,findRegisteredType
FNDA:159,findRegisteredInterface
FNDA:0,handleTransformationAST
FNDA:6,handleUnionAST
FNDA:9,(anonymous_7)
FNDA:3,findEnumForLiteralUnion
FNDA:6,(anonymous_9)
FNDA:6,(anonymous_10)
FNDA:3,findRegisteredUnion
FNDA:4,(anonymous_12)
FNDA:4,(anonymous_13)
FNDA:14,findEnumForLiteral
FNDA:8,handleTupleTypeAST
FNDA:33,schemaToFields
FNDA:11,schemaToInputFields
FNDA:48,toGraphQLInputTypeWithRegistry
FNDA:18,(anonymous_19)
FNDA:11,(anonymous_20)
FNDA:6,(anonymous_21)
FNDA:6,(anonymous_22)
FNDA:26,toGraphQLArgsWithRegistry
DA:31,22
DA:34,22
DA:35,1
DA:36,1
DA:37,1
DA:42,21
DA:43,17
DA:44,17
DA:46,17
DA:47,12
DA:51,9
DA:77,178
DA:80,178
DA:81,178
DA:84,159
DA:85,159
DA:88,157
DA:89,0
DA:93,157
DA:94,6
DA:98,151
DA:99,14
DA:100,14
DA:104,149
DA:105,8
DA:109,141
DA:120,178
DA:121,99
DA:122,19
DA:125,159
DA:136,159
DA:137,14
DA:138,2
DA:141,157
DA:148,0
DA:151,0
DA:152,0
DA:153,0
DA:154,0
DA:155,0
DA:156,0
DA:157,0
DA:158,0
DA:159,0
DA:164,0
DA:171,9
DA:173,6
DA:175,3
DA:176,3
DA:179,3
DA:180,3
DA:184,1
DA:185,1
DA:188,0
DA:198,6
DA:200,3
DA:201,3
DA:202,3
DA:203,6
DA:204,3
DA:207,0
DA:218,3
DA:219,3
DA:220,6
DA:221,4
DA:222,4
DA:224,4
DA:225,4
DA:231,3
DA:232,2
DA:233,2
DA:234,2
DA:235,2
DA:236,4
DA:237,2
DA:241,1
DA:251,14
DA:252,14
DA:253,4
DA:254,2
DA:257,12
DA:264,8
DA:265,7
DA:266,7
DA:267,7
DA:268,1
DA:269,1
DA:270,1
DA:271,1
DA:273,0
DA:283,33
DA:286,33
DA:287,1
DA:291,33
DA:292,1
DA:293,1
DA:294,1
DA:298,33
DA:299,32
DA:301,32
DA:302,58
DA:303,58
DA:304,58
DA:307,58
DA:308,57
DA:311,58
DA:314,32
DA:317,1
DA:330,11
DA:332,11
DA:333,10
DA:335,10
DA:336,14
DA:337,14
DA:338,14
DA:347,14
DA:348,11
DA:351,14
DA:354,10
DA:357,1
DA:370,48
DA:373,48
DA:374,0
DA:375,0
DA:379,48
DA:380,22
DA:381,10
DA:382,10
DA:387,38
DA:388,9
DA:391,18
DA:392,9
DA:393,1
DA:403,8
DA:404,0
DA:413,11
DA:415,8
DA:416,6
DA:418,3
DA:419,3
DA:420,3
DA:421,6
DA:422,3
DA:423,3
DA:430,34
DA:431,3
DA:432,3
DA:433,3
DA:434,3
DA:435,3
DA:441,31
DA:454,26
DA:456,26
DA:457,25
DA:459,25
DA:460,28
DA:461,28
DA:462,28
DA:471,28
DA:472,25
DA:475,28
DA:478,25
DA:482,1
LF:163
LH:145
BRDA:34,0,0,1
BRDA:34,0,1,21
BRDA:36,1,0,1
BRDA:36,1,1,0
BRDA:42,2,0,17
BRDA:42,2,1,4
BRDA:46,3,0,12
BRDA:46,3,1,5
BRDA:46,4,0,17
BRDA:46,4,1,13
BRDA:46,4,2,12
BRDA:81,5,0,19
BRDA:81,5,1,159
BRDA:85,6,0,2
BRDA:85,6,1,157
BRDA:88,7,0,0
BRDA:88,7,1,157
BRDA:93,8,0,6
BRDA:93,8,1,151
BRDA:98,9,0,14
BRDA:98,9,1,137
BRDA:100,10,0,2
BRDA:100,10,1,12
BRDA:104,11,0,8
BRDA:104,11,1,141
BRDA:121,12,0,19
BRDA:121,12,1,80
BRDA:121,13,0,99
BRDA:121,13,1,85
BRDA:137,14,0,2
BRDA:137,14,1,12
BRDA:137,15,0,14
BRDA:137,15,1,12
BRDA:151,16,0,0
BRDA:151,16,1,0
BRDA:152,17,0,0
BRDA:152,17,1,0
BRDA:152,18,0,0
BRDA:152,18,1,0
BRDA:156,19,0,0
BRDA:156,19,1,0
BRDA:173,20,0,3
BRDA:173,20,1,3
BRDA:176,21,0,3
BRDA:176,21,1,0
BRDA:180,22,0,2
BRDA:180,22,1,1
BRDA:184,23,0,1
BRDA:184,23,1,0
BRDA:202,24,0,3
BRDA:202,24,1,0
BRDA:202,25,0,3
BRDA:202,25,1,3
BRDA:220,26,0,4
BRDA:220,26,1,2
BRDA:224,27,0,4
BRDA:224,27,1,0
BRDA:224,28,0,4
BRDA:224,28,1,4
BRDA:231,29,0,2
BRDA:231,29,1,1
BRDA:235,30,0,2
BRDA:235,30,1,0
BRDA:235,31,0,2
BRDA:235,31,1,2
BRDA:253,32,0,2
BRDA:253,32,1,2
BRDA:264,33,0,7
BRDA:264,33,1,1
BRDA:264,34,0,8
BRDA:264,34,1,8
BRDA:268,35,0,1
BRDA:268,35,1,0
BRDA:268,36,0,1
BRDA:268,36,1,1
BRDA:286,37,0,1
BRDA:286,37,1,32
BRDA:291,38,0,1
BRDA:291,38,1,32
BRDA:293,39,0,1
BRDA:293,39,1,0
BRDA:293,40,0,1
BRDA:293,40,1,1
BRDA:293,40,2,1
BRDA:298,41,0,32
BRDA:298,41,1,1
BRDA:307,42,0,57
BRDA:307,42,1,1
BRDA:332,43,0,10
BRDA:332,43,1,1
BRDA:347,44,0,11
BRDA:347,44,1,3
BRDA:373,45,0,0
BRDA:373,45,1,48
BRDA:380,46,0,10
BRDA:380,46,1,12
BRDA:380,47,0,22
BRDA:380,47,1,12
BRDA:382,48,0,10
BRDA:382,48,1,0
BRDA:387,49,0,9
BRDA:387,49,1,29
BRDA:392,50,0,1
BRDA:392,50,1,8
BRDA:392,51,0,9
BRDA:392,51,1,6
BRDA:403,52,0,0
BRDA:403,52,1,8
BRDA:403,53,0,8
BRDA:403,53,1,5
BRDA:415,54,0,3
BRDA:415,54,1,5
BRDA:420,55,0,3
BRDA:420,55,1,0
BRDA:420,56,0,3
BRDA:420,56,1,3
BRDA:423,57,0,3
BRDA:423,57,1,0
BRDA:430,58,0,3
BRDA:430,58,1,31
BRDA:433,59,0,3
BRDA:433,59,1,0
BRDA:435,60,0,3
BRDA:435,60,1,0
BRDA:456,61,0,25
BRDA:456,61,1,1
BRDA:471,62,0,25
BRDA:471,62,1,3
BRF:128
BRH:104
end_of_record
